2024-03-25 20:22:14 [restartedMain] INFO  : Starting ModuleMini1Application using Java 17.0.10 with PID 60796 (D:\PersonalSpring\FinalProject\mini-1\target\classes started by Chandra Sekhar in D:\PersonalSpring\FinalProject\mini-1)
2024-03-25 20:22:14 [restartedMain] INFO  : No active profile set, falling back to 1 default profile: "default"
2024-03-25 20:22:14 [restartedMain] INFO  : Devtools property defaults active! Set 'spring.devtools.add-properties' to 'false' to disable
2024-03-25 20:22:14 [restartedMain] INFO  : For additional web related logging consider setting the 'logging.level.web' property to 'DEBUG'
2024-03-25 20:22:15 [restartedMain] INFO  : Bootstrapping Spring Data JPA repositories in DEFAULT mode.
2024-03-25 20:22:15 [restartedMain] INFO  : Finished Spring Data repository scanning in 78 ms. Found 2 JPA repository interfaces.
2024-03-25 20:22:17 [restartedMain] INFO  : Tomcat initialized with port(s): 8080 (http)
2024-03-25 20:22:17 [restartedMain] INFO  : Initializing ProtocolHandler ["http-nio-8080"]
2024-03-25 20:22:17 [restartedMain] INFO  : Starting service [Tomcat]
2024-03-25 20:22:17 [restartedMain] INFO  : Starting Servlet engine: [Apache Tomcat/10.1.19]
2024-03-25 20:22:17 [restartedMain] INFO  : Initializing Spring embedded WebApplicationContext
2024-03-25 20:22:17 [restartedMain] INFO  : Root WebApplicationContext: initialization completed in 2491 ms
2024-03-25 20:22:17 [restartedMain] INFO  : HikariPool-1 - Starting...
2024-03-25 20:22:17 [restartedMain] INFO  : HikariPool-1 - Added connection com.mysql.cj.jdbc.ConnectionImpl@454711b1
2024-03-25 20:22:17 [restartedMain] INFO  : HikariPool-1 - Start completed.
2024-03-25 20:22:17 [restartedMain] INFO  : H2 console available at '/h2-console'. Database available at 'jdbc:mysql://localhost:3306/testdb'
2024-03-25 20:22:18 [restartedMain] INFO  : HHH000204: Processing PersistenceUnitInfo [name: default]
2024-03-25 20:22:18 [restartedMain] INFO  : HHH000412: Hibernate ORM core version 6.2.22.Final
2024-03-25 20:22:18 [restartedMain] INFO  : HHH000406: Using bytecode reflection optimizer
2024-03-25 20:22:18 [restartedMain] INFO  : No LoadTimeWeaver setup: ignoring JPA class transformer
2024-03-25 20:22:18 [restartedMain] WARN  : HHH90000025: MySQL8Dialect does not need to be specified explicitly using 'hibernate.dialect' (remove the property setting and it will be selected by default)
2024-03-25 20:22:18 [restartedMain] WARN  : HHH90000026: MySQL8Dialect has been deprecated; use org.hibernate.dialect.MySQLDialect instead
2024-03-25 20:22:19 [restartedMain] INFO  : HHH000489: No JTA platform available (set 'hibernate.transaction.jta.platform' to enable JTA platform integration)
2024-03-25 20:22:19 [restartedMain] INFO  : Initialized JPA EntityManagerFactory for persistence unit 'default'
2024-03-25 20:22:20 [restartedMain] WARN  : spring.jpa.open-in-view is enabled by default. Therefore, database queries may be performed during view rendering. Explicitly configure spring.jpa.open-in-view to disable this warning
2024-03-25 20:22:21 [restartedMain] INFO  : LiveReload server is running on port 35729
2024-03-25 20:22:21 [restartedMain] INFO  : Starting ProtocolHandler ["http-nio-8080"]
2024-03-25 20:22:21 [restartedMain] INFO  : Tomcat started on port(s): 8080 (http) with context path ''
2024-03-25 20:22:21 [restartedMain] INFO  : Started ModuleMini1Application in 7.601 seconds (process running for 9.329)
2024-03-25 20:24:22 [http-nio-8080-exec-1] INFO  : Initializing Spring DispatcherServlet 'dispatcherServlet'
2024-03-25 20:24:22 [http-nio-8080-exec-1] INFO  : Initializing Servlet 'dispatcherServlet'
2024-03-25 20:24:22 [http-nio-8080-exec-1] INFO  : Completed initialization in 4 ms
2024-03-25 20:24:22 [http-nio-8080-exec-1] INFO  : Method invoked: class com.mini1.service.PlanServicesImpl:getAllCategorys() Arguments: []
2024-03-25 20:24:24 [http-nio-8080-exec-1] INFO  : class com.mini1.service.PlanServicesImpl : getAllCategorys() Response: [Category(categoryId=1, categoryName=Food, activeSwitch=Y, createdDate=2021-01-10, updatedDate=null, createdBy=ALEX, updatedBy=null), Category(categoryId=2, categoryName=Chiled Care, activeSwitch=Y, createdDate=2022-11-10, updatedDate=null, createdBy=Mark, updatedBy=null), Category(categoryId=3, categoryName=Medical, activeSwitch=Y, createdDate=2020-06-20, updatedDate=null, createdBy=Jhon, updatedBy=null), Category(categoryId=4, categoryName=Unemployement, activeSwitch=Y, createdDate=2023-03-16, updatedDate=null, createdBy=Seri, updatedBy=null)]
2024-03-25 20:25:15 [http-nio-8080-exec-3] INFO  : Method invoked: class com.mini1.service.PlanServicesImpl:savePlan() Arguments: [Plan(planId=null, planName=Teja, planStartDate=2024-03-05, planEndDate=2024-03-30, categoryId=3, activeSwitch=null, createdDate=null, updatedDate=null, createdBy=null, updateBy=null)]
2024-03-25 20:25:15 [http-nio-8080-exec-3] INFO  : class com.mini1.service.PlanServicesImpl : savePlan() Response: true
2024-03-25 20:25:15 [http-nio-8080-exec-4] INFO  : Method invoked: class com.mini1.service.PlanServicesImpl:getAllCategorys() Arguments: []
2024-03-25 20:25:15 [http-nio-8080-exec-5] INFO  : Method invoked: class com.mini1.service.PlanServicesImpl:getAllPlans() Arguments: []
2024-03-25 20:25:15 [http-nio-8080-exec-4] INFO  : class com.mini1.service.PlanServicesImpl : getAllCategorys() Response: [Category(categoryId=1, categoryName=Food, activeSwitch=Y, createdDate=2021-01-10, updatedDate=null, createdBy=ALEX, updatedBy=null), Category(categoryId=2, categoryName=Chiled Care, activeSwitch=Y, createdDate=2022-11-10, updatedDate=null, createdBy=Mark, updatedBy=null), Category(categoryId=3, categoryName=Medical, activeSwitch=Y, createdDate=2020-06-20, updatedDate=null, createdBy=Jhon, updatedBy=null), Category(categoryId=4, categoryName=Unemployement, activeSwitch=Y, createdDate=2023-03-16, updatedDate=null, createdBy=Seri, updatedBy=null)]
2024-03-25 20:25:15 [http-nio-8080-exec-5] INFO  : class com.mini1.service.PlanServicesImpl : getAllPlans() Response: [Plan(planId=20, planName=SNAP, planStartDate=2024-03-01, planEndDate=2024-03-05, categoryId=1, activeSwitch=N, createdDate=2024-03-16, updatedDate=2024-03-23, createdBy=null, updateBy=null), Plan(planId=22, planName=CCAP, planStartDate=2024-03-01, planEndDate=2024-03-21, categoryId=3, activeSwitch=Y, createdDate=2024-03-16, updatedDate=2024-03-16, createdBy=null, updateBy=null), Plan(planId=28, planName=Medicide, planStartDate=2024-03-15, planEndDate=2024-03-31, categoryId=1, activeSwitch=N, createdDate=2024-03-25, updatedDate=2024-03-25, createdBy=null, updateBy=null), Plan(planId=29, planName=SNAP, planStartDate=2024-03-15, planEndDate=2024-03-16, categoryId=3, activeSwitch=Y, createdDate=2024-03-25, updatedDate=2024-03-25, createdBy=null, updateBy=null), Plan(planId=32, planName=Teja, planStartDate=2024-03-05, planEndDate=2024-03-30, categoryId=3, activeSwitch=null, createdDate=2024-03-25, updatedDate=null, createdBy=null, updateBy=null)]
2024-03-25 20:27:08 [http-nio-8080-exec-9] INFO  : Method invoked: class com.mini1.service.PlanServicesImpl:planStatusChange() Arguments: [32, Y]
2024-03-25 20:27:08 [http-nio-8080-exec-9] INFO  : class com.mini1.service.PlanServicesImpl : planStatusChange() Response: true
2024-03-25 20:27:08 [http-nio-8080-exec-10] INFO  : Method invoked: class com.mini1.service.PlanServicesImpl:getAllPlans() Arguments: []
2024-03-25 20:27:08 [http-nio-8080-exec-1] INFO  : Method invoked: class com.mini1.service.PlanServicesImpl:getAllCategorys() Arguments: []
2024-03-25 20:27:08 [http-nio-8080-exec-10] INFO  : class com.mini1.service.PlanServicesImpl : getAllPlans() Response: [Plan(planId=20, planName=SNAP, planStartDate=2024-03-01, planEndDate=2024-03-05, categoryId=1, activeSwitch=N, createdDate=2024-03-16, updatedDate=2024-03-23, createdBy=null, updateBy=null), Plan(planId=22, planName=CCAP, planStartDate=2024-03-01, planEndDate=2024-03-21, categoryId=3, activeSwitch=Y, createdDate=2024-03-16, updatedDate=2024-03-16, createdBy=null, updateBy=null), Plan(planId=28, planName=Medicide, planStartDate=2024-03-15, planEndDate=2024-03-31, categoryId=1, activeSwitch=N, createdDate=2024-03-25, updatedDate=2024-03-25, createdBy=null, updateBy=null), Plan(planId=29, planName=SNAP, planStartDate=2024-03-15, planEndDate=2024-03-16, categoryId=3, activeSwitch=Y, createdDate=2024-03-25, updatedDate=2024-03-25, createdBy=null, updateBy=null), Plan(planId=32, planName=Teja, planStartDate=2024-03-05, planEndDate=2024-03-30, categoryId=3, activeSwitch=Y, createdDate=2024-03-25, updatedDate=2024-03-25, createdBy=null, updateBy=null)]
2024-03-25 20:27:09 [http-nio-8080-exec-1] INFO  : class com.mini1.service.PlanServicesImpl : getAllCategorys() Response: [Category(categoryId=1, categoryName=Food, activeSwitch=Y, createdDate=2021-01-10, updatedDate=null, createdBy=ALEX, updatedBy=null), Category(categoryId=2, categoryName=Chiled Care, activeSwitch=Y, createdDate=2022-11-10, updatedDate=null, createdBy=Mark, updatedBy=null), Category(categoryId=3, categoryName=Medical, activeSwitch=Y, createdDate=2020-06-20, updatedDate=null, createdBy=Jhon, updatedBy=null), Category(categoryId=4, categoryName=Unemployement, activeSwitch=Y, createdDate=2023-03-16, updatedDate=null, createdBy=Seri, updatedBy=null)]
2024-03-25 20:29:32 [http-nio-8080-exec-5] INFO  : Method invoked: class com.mini1.service.PlanServicesImpl:deletePlanById() Arguments: [32]
2024-03-25 20:29:32 [http-nio-8080-exec-5] INFO  : class com.mini1.service.PlanServicesImpl : deletePlanById() Response: true
2024-03-25 20:29:32 [http-nio-8080-exec-7] INFO  : Method invoked: class com.mini1.service.PlanServicesImpl:getAllPlans() Arguments: []
2024-03-25 20:29:32 [http-nio-8080-exec-6] INFO  : Method invoked: class com.mini1.service.PlanServicesImpl:getAllCategorys() Arguments: []
2024-03-25 20:29:32 [http-nio-8080-exec-7] INFO  : class com.mini1.service.PlanServicesImpl : getAllPlans() Response: [Plan(planId=20, planName=SNAP, planStartDate=2024-03-01, planEndDate=2024-03-05, categoryId=1, activeSwitch=N, createdDate=2024-03-16, updatedDate=2024-03-23, createdBy=null, updateBy=null), Plan(planId=22, planName=CCAP, planStartDate=2024-03-01, planEndDate=2024-03-21, categoryId=3, activeSwitch=Y, createdDate=2024-03-16, updatedDate=2024-03-16, createdBy=null, updateBy=null), Plan(planId=28, planName=Medicide, planStartDate=2024-03-15, planEndDate=2024-03-31, categoryId=1, activeSwitch=N, createdDate=2024-03-25, updatedDate=2024-03-25, createdBy=null, updateBy=null), Plan(planId=29, planName=SNAP, planStartDate=2024-03-15, planEndDate=2024-03-16, categoryId=3, activeSwitch=Y, createdDate=2024-03-25, updatedDate=2024-03-25, createdBy=null, updateBy=null)]
2024-03-25 20:29:32 [http-nio-8080-exec-6] INFO  : class com.mini1.service.PlanServicesImpl : getAllCategorys() Response: [Category(categoryId=1, categoryName=Food, activeSwitch=Y, createdDate=2021-01-10, updatedDate=null, createdBy=ALEX, updatedBy=null), Category(categoryId=2, categoryName=Chiled Care, activeSwitch=Y, createdDate=2022-11-10, updatedDate=null, createdBy=Mark, updatedBy=null), Category(categoryId=3, categoryName=Medical, activeSwitch=Y, createdDate=2020-06-20, updatedDate=null, createdBy=Jhon, updatedBy=null), Category(categoryId=4, categoryName=Unemployement, activeSwitch=Y, createdDate=2023-03-16, updatedDate=null, createdBy=Seri, updatedBy=null)]
2024-03-25 20:30:48 [File Watcher] INFO  : Restarting due to 1 class path change (0 additions, 0 deletions, 1 modification)
2024-03-25 20:30:48 [Thread-5] INFO  : Pausing ProtocolHandler ["http-nio-8080"]
2024-03-25 20:30:48 [Thread-5] INFO  : Stopping service [Tomcat]
2024-03-25 20:30:48 [Thread-5] INFO  : Destroying Spring FrameworkServlet 'dispatcherServlet'
2024-03-25 20:30:48 [Thread-5] INFO  : Stopping ProtocolHandler ["http-nio-8080"]
2024-03-25 20:30:48 [Thread-5] INFO  : Destroying ProtocolHandler ["http-nio-8080"]
2024-03-25 20:30:48 [Thread-5] INFO  : Closing JPA EntityManagerFactory for persistence unit 'default'
2024-03-25 20:30:48 [Thread-5] INFO  : HikariPool-1 - Shutdown initiated...
2024-03-25 20:30:48 [Thread-5] INFO  : HikariPool-1 - Shutdown completed.
2024-03-25 20:30:48 [restartedMain] INFO  : Starting ModuleMini1Application using Java 17.0.10 with PID 60796 (D:\PersonalSpring\FinalProject\mini-1\target\classes started by Chandra Sekhar in D:\PersonalSpring\FinalProject\mini-1)
2024-03-25 20:30:48 [restartedMain] INFO  : No active profile set, falling back to 1 default profile: "default"
2024-03-25 20:30:49 [restartedMain] INFO  : Bootstrapping Spring Data JPA repositories in DEFAULT mode.
2024-03-25 20:30:49 [restartedMain] INFO  : Finished Spring Data repository scanning in 16 ms. Found 2 JPA repository interfaces.
2024-03-25 20:30:49 [restartedMain] INFO  : Tomcat initialized with port(s): 8080 (http)
2024-03-25 20:30:49 [restartedMain] INFO  : Initializing ProtocolHandler ["http-nio-8080"]
2024-03-25 20:30:49 [restartedMain] INFO  : Starting service [Tomcat]
2024-03-25 20:30:49 [restartedMain] INFO  : Starting Servlet engine: [Apache Tomcat/10.1.19]
2024-03-25 20:30:49 [restartedMain] INFO  : Initializing Spring embedded WebApplicationContext
2024-03-25 20:30:49 [restartedMain] INFO  : Root WebApplicationContext: initialization completed in 519 ms
2024-03-25 20:30:49 [restartedMain] INFO  : HikariPool-2 - Starting...
2024-03-25 20:30:49 [restartedMain] INFO  : HikariPool-2 - Added connection com.mysql.cj.jdbc.ConnectionImpl@14c8226
2024-03-25 20:30:49 [restartedMain] INFO  : HikariPool-2 - Start completed.
2024-03-25 20:30:49 [restartedMain] INFO  : H2 console available at '/h2-console'. Database available at 'jdbc:mysql://localhost:3306/testdb'
2024-03-25 20:30:49 [restartedMain] INFO  : HHH000204: Processing PersistenceUnitInfo [name: default]
2024-03-25 20:30:49 [restartedMain] INFO  : No LoadTimeWeaver setup: ignoring JPA class transformer
2024-03-25 20:30:49 [restartedMain] WARN  : HHH90000025: MySQL8Dialect does not need to be specified explicitly using 'hibernate.dialect' (remove the property setting and it will be selected by default)
2024-03-25 20:30:49 [restartedMain] WARN  : HHH90000026: MySQL8Dialect has been deprecated; use org.hibernate.dialect.MySQLDialect instead
2024-03-25 20:30:49 [restartedMain] INFO  : HHH000489: No JTA platform available (set 'hibernate.transaction.jta.platform' to enable JTA platform integration)
2024-03-25 20:30:49 [restartedMain] INFO  : Initialized JPA EntityManagerFactory for persistence unit 'default'
2024-03-25 20:30:49 [restartedMain] WARN  : spring.jpa.open-in-view is enabled by default. Therefore, database queries may be performed during view rendering. Explicitly configure spring.jpa.open-in-view to disable this warning
2024-03-25 20:30:50 [restartedMain] INFO  : LiveReload server is running on port 35729
2024-03-25 20:30:50 [restartedMain] INFO  : Starting ProtocolHandler ["http-nio-8080"]
2024-03-25 20:30:50 [restartedMain] INFO  : Tomcat started on port(s): 8080 (http) with context path ''
2024-03-25 20:30:50 [restartedMain] INFO  : Started ModuleMini1Application in 1.557 seconds (process running for 518.375)
2024-03-25 20:30:50 [restartedMain] INFO  : Condition evaluation unchanged
2024-03-25 20:32:10 [http-nio-8080-exec-1] INFO  : Initializing Spring DispatcherServlet 'dispatcherServlet'
2024-03-25 20:32:10 [http-nio-8080-exec-1] INFO  : Initializing Servlet 'dispatcherServlet'
2024-03-25 20:32:10 [http-nio-8080-exec-1] INFO  : Completed initialization in 1 ms
2024-03-25 20:32:10 [http-nio-8080-exec-2] INFO  : Method invoked: class com.mini1.service.PlanServicesImpl:planStatusChange() Arguments: [29, N]
2024-03-25 20:32:10 [http-nio-8080-exec-2] INFO  : class com.mini1.service.PlanServicesImpl : planStatusChange() Response: true
2024-03-25 20:32:10 [http-nio-8080-exec-3] INFO  : Method invoked: class com.mini1.service.PlanServicesImpl:getAllPlans() Arguments: []
2024-03-25 20:32:10 [http-nio-8080-exec-4] INFO  : Method invoked: class com.mini1.service.PlanServicesImpl:getAllCategorys() Arguments: []
2024-03-25 20:32:10 [http-nio-8080-exec-3] INFO  : class com.mini1.service.PlanServicesImpl : getAllPlans() Response: [Plan(planId=20, planName=SNAP, planStartDate=2024-03-01, planEndDate=2024-03-05, categoryId=1, activeSwitch=N, createdDate=2024-03-16, updatedDate=2024-03-23, createdBy=null, updateBy=null), Plan(planId=22, planName=CCAP, planStartDate=2024-03-01, planEndDate=2024-03-21, categoryId=3, activeSwitch=Y, createdDate=2024-03-16, updatedDate=2024-03-16, createdBy=null, updateBy=null), Plan(planId=28, planName=Medicide, planStartDate=2024-03-15, planEndDate=2024-03-31, categoryId=1, activeSwitch=N, createdDate=2024-03-25, updatedDate=2024-03-25, createdBy=null, updateBy=null), Plan(planId=29, planName=SNAP, planStartDate=2024-03-15, planEndDate=2024-03-16, categoryId=3, activeSwitch=N, createdDate=2024-03-25, updatedDate=2024-03-25, createdBy=null, updateBy=null)]
2024-03-25 20:32:10 [http-nio-8080-exec-4] INFO  : class com.mini1.service.PlanServicesImpl : getAllCategorys() Response: [Category(categoryId=1, categoryName=Food, activeSwitch=Y, createdDate=2021-01-10, updatedDate=null, createdBy=ALEX, updatedBy=null), Category(categoryId=2, categoryName=Chiled Care, activeSwitch=Y, createdDate=2022-11-10, updatedDate=null, createdBy=Mark, updatedBy=null), Category(categoryId=3, categoryName=Medical, activeSwitch=Y, createdDate=2020-06-20, updatedDate=null, createdBy=Jhon, updatedBy=null), Category(categoryId=4, categoryName=Unemployement, activeSwitch=Y, createdDate=2023-03-16, updatedDate=null, createdBy=Seri, updatedBy=null)]
2024-03-25 20:32:43 [http-nio-8080-exec-8] INFO  : Method invoked: class com.mini1.service.PlanServicesImpl:deletePlanById() Arguments: [29]
2024-03-25 20:32:43 [http-nio-8080-exec-8] INFO  : class com.mini1.service.PlanServicesImpl : deletePlanById() Response: true
2024-03-25 20:32:43 [http-nio-8080-exec-10] INFO  : Method invoked: class com.mini1.service.PlanServicesImpl:getAllPlans() Arguments: []
2024-03-25 20:32:43 [http-nio-8080-exec-9] INFO  : Method invoked: class com.mini1.service.PlanServicesImpl:getAllCategorys() Arguments: []
2024-03-25 20:32:43 [http-nio-8080-exec-9] INFO  : class com.mini1.service.PlanServicesImpl : getAllCategorys() Response: [Category(categoryId=1, categoryName=Food, activeSwitch=Y, createdDate=2021-01-10, updatedDate=null, createdBy=ALEX, updatedBy=null), Category(categoryId=2, categoryName=Chiled Care, activeSwitch=Y, createdDate=2022-11-10, updatedDate=null, createdBy=Mark, updatedBy=null), Category(categoryId=3, categoryName=Medical, activeSwitch=Y, createdDate=2020-06-20, updatedDate=null, createdBy=Jhon, updatedBy=null), Category(categoryId=4, categoryName=Unemployement, activeSwitch=Y, createdDate=2023-03-16, updatedDate=null, createdBy=Seri, updatedBy=null)]
2024-03-25 20:32:43 [http-nio-8080-exec-10] INFO  : class com.mini1.service.PlanServicesImpl : getAllPlans() Response: [Plan(planId=20, planName=SNAP, planStartDate=2024-03-01, planEndDate=2024-03-05, categoryId=1, activeSwitch=N, createdDate=2024-03-16, updatedDate=2024-03-23, createdBy=null, updateBy=null), Plan(planId=22, planName=CCAP, planStartDate=2024-03-01, planEndDate=2024-03-21, categoryId=3, activeSwitch=Y, createdDate=2024-03-16, updatedDate=2024-03-16, createdBy=null, updateBy=null), Plan(planId=28, planName=Medicide, planStartDate=2024-03-15, planEndDate=2024-03-31, categoryId=1, activeSwitch=N, createdDate=2024-03-25, updatedDate=2024-03-25, createdBy=null, updateBy=null)]
2024-03-25 20:34:30 [RMI TCP Connection(17)-127.0.0.1] INFO  : Application shutdown requested.
2024-03-25 20:34:30 [RMI TCP Connection(17)-127.0.0.1] INFO  : Pausing ProtocolHandler ["http-nio-8080"]
2024-03-25 20:34:30 [RMI TCP Connection(17)-127.0.0.1] INFO  : Stopping service [Tomcat]
2024-03-25 20:34:30 [RMI TCP Connection(17)-127.0.0.1] INFO  : Destroying Spring FrameworkServlet 'dispatcherServlet'
2024-03-25 20:34:30 [RMI TCP Connection(17)-127.0.0.1] INFO  : Stopping ProtocolHandler ["http-nio-8080"]
2024-03-25 20:34:30 [RMI TCP Connection(17)-127.0.0.1] INFO  : Destroying ProtocolHandler ["http-nio-8080"]
2024-03-25 20:34:30 [RMI TCP Connection(17)-127.0.0.1] INFO  : Closing JPA EntityManagerFactory for persistence unit 'default'
2024-03-25 20:34:30 [RMI TCP Connection(17)-127.0.0.1] INFO  : HikariPool-2 - Shutdown initiated...
2024-03-25 20:34:30 [RMI TCP Connection(17)-127.0.0.1] INFO  : HikariPool-2 - Shutdown completed.
