2024-04-07 12:08:09 [restartedMain] INFO  : Starting Mini6Application using Java 17.0.10 with PID 12920 (C:\Users\HP\Desktop\WorkBench\BackEnd\HIS Project\mini6\target\classes started by HP in C:\Users\HP\Desktop\WorkBench\BackEnd\HIS Project\mini6)
2024-04-07 12:08:09 [restartedMain] INFO  : No active profile set, falling back to 1 default profile: "default"
2024-04-07 12:08:09 [restartedMain] INFO  : Devtools property defaults active! Set 'spring.devtools.add-properties' to 'false' to disable
2024-04-07 12:08:09 [restartedMain] INFO  : For additional web related logging consider setting the 'logging.level.web' property to 'DEBUG'
2024-04-07 12:08:10 [restartedMain] INFO  : Bootstrapping Spring Data JPA repositories in DEFAULT mode.
2024-04-07 12:08:10 [restartedMain] INFO  : Finished Spring Data repository scanning in 103 ms. Found 8 JPA repository interfaces.
2024-04-07 12:08:12 [restartedMain] INFO  : Tomcat initialized with port 8086 (http)
2024-04-07 12:08:12 [restartedMain] INFO  : Initializing ProtocolHandler ["http-nio-8086"]
2024-04-07 12:08:12 [restartedMain] INFO  : Starting service [Tomcat]
2024-04-07 12:08:12 [restartedMain] INFO  : Starting Servlet engine: [Apache Tomcat/10.1.19]
2024-04-07 12:08:12 [restartedMain] INFO  : Initializing Spring embedded WebApplicationContext
2024-04-07 12:08:12 [restartedMain] INFO  : Root WebApplicationContext: initialization completed in 2898 ms
2024-04-07 12:08:12 [restartedMain] INFO  : HHH000204: Processing PersistenceUnitInfo [name: default]
2024-04-07 12:08:12 [restartedMain] INFO  : HHH000412: Hibernate ORM core version 6.4.4.Final
2024-04-07 12:08:12 [restartedMain] INFO  : HHH000026: Second-level cache disabled
2024-04-07 12:08:13 [restartedMain] INFO  : No LoadTimeWeaver setup: ignoring JPA class transformer
2024-04-07 12:08:13 [restartedMain] INFO  : HikariPool-1 - Starting...
2024-04-07 12:08:13 [restartedMain] INFO  : HikariPool-1 - Added connection com.mysql.cj.jdbc.ConnectionImpl@aebd48e
2024-04-07 12:08:13 [restartedMain] INFO  : HikariPool-1 - Start completed.
2024-04-07 12:08:14 [restartedMain] WARN  : HHH90000025: MySQL8Dialect does not need to be specified explicitly using 'hibernate.dialect' (remove the property setting and it will be selected by default)
2024-04-07 12:08:14 [restartedMain] WARN  : HHH90000026: MySQL8Dialect has been deprecated; use org.hibernate.dialect.MySQLDialect instead
2024-04-07 12:08:15 [restartedMain] INFO  : HHH000489: No JTA platform available (set 'hibernate.transaction.jta.platform' to enable JTA platform integration)
2024-04-07 12:08:16 [restartedMain] INFO  : Initialized JPA EntityManagerFactory for persistence unit 'default'
2024-04-07 12:08:17 [restartedMain] WARN  : Exception encountered during context initialization - cancelling refresh attempt: org.springframework.beans.factory.UnsatisfiedDependencyException: Error creating bean with name 'edController' defined in file [C:\Users\HP\Desktop\WorkBench\BackEnd\HIS Project\mini6\target\classes\com\mini6\controller\EdController.class]: Unsatisfied dependency expressed through constructor parameter 0: Error creating bean with name 'eligServiceImpl' defined in file [C:\Users\HP\Desktop\WorkBench\BackEnd\HIS Project\mini6\target\classes\com\mini6\service\EligServiceImpl.class]: Unsatisfied dependency expressed through constructor parameter 0: Error creating bean with name 'childRepository' defined in com.mini6.repository.ChildRepository defined in @EnableJpaRepositories declared on JpaRepositoriesRegistrar.EnableJpaRepositoriesConfiguration: Could not create query for public abstract java.util.List com.mini6.repository.ChildRepository.findByCaseNum(); Reason: Failed to create query for method public abstract java.util.List com.mini6.repository.ChildRepository.findByCaseNum(); Method public abstract java.util.List com.mini6.repository.ChildRepository.findByCaseNum() expects at least 1 arguments but only found 0; This leaves an operator of type SIMPLE_PROPERTY for property caseNum unbound
2024-04-07 12:08:17 [restartedMain] INFO  : Closing JPA EntityManagerFactory for persistence unit 'default'
2024-04-07 12:08:17 [restartedMain] INFO  : HikariPool-1 - Shutdown initiated...
2024-04-07 12:08:17 [restartedMain] INFO  : HikariPool-1 - Shutdown completed.
2024-04-07 12:08:17 [restartedMain] INFO  : Stopping service [Tomcat]
2024-04-07 12:08:17 [restartedMain] INFO  : 

Error starting ApplicationContext. To display the condition evaluation report re-run your application with 'debug' enabled.
2024-04-07 12:08:17 [restartedMain] ERROR : Application run failed
org.springframework.beans.factory.UnsatisfiedDependencyException: Error creating bean with name 'edController' defined in file [C:\Users\HP\Desktop\WorkBench\BackEnd\HIS Project\mini6\target\classes\com\mini6\controller\EdController.class]: Unsatisfied dependency expressed through constructor parameter 0: Error creating bean with name 'eligServiceImpl' defined in file [C:\Users\HP\Desktop\WorkBench\BackEnd\HIS Project\mini6\target\classes\com\mini6\service\EligServiceImpl.class]: Unsatisfied dependency expressed through constructor parameter 0: Error creating bean with name 'childRepository' defined in com.mini6.repository.ChildRepository defined in @EnableJpaRepositories declared on JpaRepositoriesRegistrar.EnableJpaRepositoriesConfiguration: Could not create query for public abstract java.util.List com.mini6.repository.ChildRepository.findByCaseNum(); Reason: Failed to create query for method public abstract java.util.List com.mini6.repository.ChildRepository.findByCaseNum(); Method public abstract java.util.List com.mini6.repository.ChildRepository.findByCaseNum() expects at least 1 arguments but only found 0; This leaves an operator of type SIMPLE_PROPERTY for property caseNum unbound
	at org.springframework.beans.factory.support.ConstructorResolver.createArgumentArray(ConstructorResolver.java:795)
	at org.springframework.beans.factory.support.ConstructorResolver.autowireConstructor(ConstructorResolver.java:237)
	at org.springframework.beans.factory.support.AbstractAutowireCapableBeanFactory.autowireConstructor(AbstractAutowireCapableBeanFactory.java:1355)
	at org.springframework.beans.factory.support.AbstractAutowireCapableBeanFactory.createBeanInstance(AbstractAutowireCapableBeanFactory.java:1192)
	at org.springframework.beans.factory.support.AbstractAutowireCapableBeanFactory.doCreateBean(AbstractAutowireCapableBeanFactory.java:562)
	at org.springframework.beans.factory.support.AbstractAutowireCapableBeanFactory.createBean(AbstractAutowireCapableBeanFactory.java:522)
	at org.springframework.beans.factory.support.AbstractBeanFactory.lambda$doGetBean$0(AbstractBeanFactory.java:326)
	at org.springframework.beans.factory.support.DefaultSingletonBeanRegistry.getSingleton(DefaultSingletonBeanRegistry.java:234)
	at org.springframework.beans.factory.support.AbstractBeanFactory.doGetBean(AbstractBeanFactory.java:324)
	at org.springframework.beans.factory.support.AbstractBeanFactory.getBean(AbstractBeanFactory.java:200)
	at org.springframework.beans.factory.support.DefaultListableBeanFactory.preInstantiateSingletons(DefaultListableBeanFactory.java:975)
	at org.springframework.context.support.AbstractApplicationContext.finishBeanFactoryInitialization(AbstractApplicationContext.java:962)
	at org.springframework.context.support.AbstractApplicationContext.refresh(AbstractApplicationContext.java:624)
	at org.springframework.boot.web.servlet.context.ServletWebServerApplicationContext.refresh(ServletWebServerApplicationContext.java:146)
	at org.springframework.boot.SpringApplication.refresh(SpringApplication.java:754)
	at org.springframework.boot.SpringApplication.refreshContext(SpringApplication.java:456)
	at org.springframework.boot.SpringApplication.run(SpringApplication.java:334)
	at org.springframework.boot.SpringApplication.run(SpringApplication.java:1354)
	at org.springframework.boot.SpringApplication.run(SpringApplication.java:1343)
	at com.mini6.Mini6Application.main(Mini6Application.java:10)
	at java.base/jdk.internal.reflect.NativeMethodAccessorImpl.invoke0(Native Method)
	at java.base/jdk.internal.reflect.NativeMethodAccessorImpl.invoke(NativeMethodAccessorImpl.java:77)
	at java.base/jdk.internal.reflect.DelegatingMethodAccessorImpl.invoke(DelegatingMethodAccessorImpl.java:43)
	at java.base/java.lang.reflect.Method.invoke(Method.java:568)
	at org.springframework.boot.devtools.restart.RestartLauncher.run(RestartLauncher.java:50)
Caused by: org.springframework.beans.factory.UnsatisfiedDependencyException: Error creating bean with name 'eligServiceImpl' defined in file [C:\Users\HP\Desktop\WorkBench\BackEnd\HIS Project\mini6\target\classes\com\mini6\service\EligServiceImpl.class]: Unsatisfied dependency expressed through constructor parameter 0: Error creating bean with name 'childRepository' defined in com.mini6.repository.ChildRepository defined in @EnableJpaRepositories declared on JpaRepositoriesRegistrar.EnableJpaRepositoriesConfiguration: Could not create query for public abstract java.util.List com.mini6.repository.ChildRepository.findByCaseNum(); Reason: Failed to create query for method public abstract java.util.List com.mini6.repository.ChildRepository.findByCaseNum(); Method public abstract java.util.List com.mini6.repository.ChildRepository.findByCaseNum() expects at least 1 arguments but only found 0; This leaves an operator of type SIMPLE_PROPERTY for property caseNum unbound
	at org.springframework.beans.factory.support.ConstructorResolver.createArgumentArray(ConstructorResolver.java:795)
	at org.springframework.beans.factory.support.ConstructorResolver.autowireConstructor(ConstructorResolver.java:237)
	at org.springframework.beans.factory.support.AbstractAutowireCapableBeanFactory.autowireConstructor(AbstractAutowireCapableBeanFactory.java:1355)
	at org.springframework.beans.factory.support.AbstractAutowireCapableBeanFactory.createBeanInstance(AbstractAutowireCapableBeanFactory.java:1192)
	at org.springframework.beans.factory.support.AbstractAutowireCapableBeanFactory.doCreateBean(AbstractAutowireCapableBeanFactory.java:562)
	at org.springframework.beans.factory.support.AbstractAutowireCapableBeanFactory.createBean(AbstractAutowireCapableBeanFactory.java:522)
	at org.springframework.beans.factory.support.AbstractBeanFactory.lambda$doGetBean$0(AbstractBeanFactory.java:326)
	at org.springframework.beans.factory.support.DefaultSingletonBeanRegistry.getSingleton(DefaultSingletonBeanRegistry.java:234)
	at org.springframework.beans.factory.support.AbstractBeanFactory.doGetBean(AbstractBeanFactory.java:324)
	at org.springframework.beans.factory.support.AbstractBeanFactory.getBean(AbstractBeanFactory.java:200)
	at org.springframework.beans.factory.config.DependencyDescriptor.resolveCandidate(DependencyDescriptor.java:254)
	at org.springframework.beans.factory.support.DefaultListableBeanFactory.doResolveDependency(DefaultListableBeanFactory.java:1443)
	at org.springframework.beans.factory.support.DefaultListableBeanFactory.resolveDependency(DefaultListableBeanFactory.java:1353)
	at org.springframework.beans.factory.support.ConstructorResolver.resolveAutowiredArgument(ConstructorResolver.java:904)
	at org.springframework.beans.factory.support.ConstructorResolver.createArgumentArray(ConstructorResolver.java:782)
	... 24 common frames omitted
Caused by: org.springframework.beans.factory.BeanCreationException: Error creating bean with name 'childRepository' defined in com.mini6.repository.ChildRepository defined in @EnableJpaRepositories declared on JpaRepositoriesRegistrar.EnableJpaRepositoriesConfiguration: Could not create query for public abstract java.util.List com.mini6.repository.ChildRepository.findByCaseNum(); Reason: Failed to create query for method public abstract java.util.List com.mini6.repository.ChildRepository.findByCaseNum(); Method public abstract java.util.List com.mini6.repository.ChildRepository.findByCaseNum() expects at least 1 arguments but only found 0; This leaves an operator of type SIMPLE_PROPERTY for property caseNum unbound
	at org.springframework.beans.factory.support.AbstractAutowireCapableBeanFactory.initializeBean(AbstractAutowireCapableBeanFactory.java:1786)
	at org.springframework.beans.factory.support.AbstractAutowireCapableBeanFactory.doCreateBean(AbstractAutowireCapableBeanFactory.java:600)
	at org.springframework.beans.factory.support.AbstractAutowireCapableBeanFactory.createBean(AbstractAutowireCapableBeanFactory.java:522)
	at org.springframework.beans.factory.support.AbstractBeanFactory.lambda$doGetBean$0(AbstractBeanFactory.java:326)
	at org.springframework.beans.factory.support.DefaultSingletonBeanRegistry.getSingleton(DefaultSingletonBeanRegistry.java:234)
	at org.springframework.beans.factory.support.AbstractBeanFactory.doGetBean(AbstractBeanFactory.java:324)
	at org.springframework.beans.factory.support.AbstractBeanFactory.getBean(AbstractBeanFactory.java:200)
	at org.springframework.beans.factory.config.DependencyDescriptor.resolveCandidate(DependencyDescriptor.java:254)
	at org.springframework.beans.factory.support.DefaultListableBeanFactory.doResolveDependency(DefaultListableBeanFactory.java:1443)
	at org.springframework.beans.factory.support.DefaultListableBeanFactory.resolveDependency(DefaultListableBeanFactory.java:1353)
	at org.springframework.beans.factory.support.ConstructorResolver.resolveAutowiredArgument(ConstructorResolver.java:904)
	at org.springframework.beans.factory.support.ConstructorResolver.createArgumentArray(ConstructorResolver.java:782)
	... 38 common frames omitted
Caused by: org.springframework.data.repository.query.QueryCreationException: Could not create query for public abstract java.util.List com.mini6.repository.ChildRepository.findByCaseNum(); Reason: Failed to create query for method public abstract java.util.List com.mini6.repository.ChildRepository.findByCaseNum(); Method public abstract java.util.List com.mini6.repository.ChildRepository.findByCaseNum() expects at least 1 arguments but only found 0; This leaves an operator of type SIMPLE_PROPERTY for property caseNum unbound
	at org.springframework.data.repository.query.QueryCreationException.create(QueryCreationException.java:101)
	at org.springframework.data.repository.core.support.QueryExecutorMethodInterceptor.lookupQuery(QueryExecutorMethodInterceptor.java:115)
	at org.springframework.data.repository.core.support.QueryExecutorMethodInterceptor.mapMethodsToQuery(QueryExecutorMethodInterceptor.java:99)
	at org.springframework.data.repository.core.support.QueryExecutorMethodInterceptor.lambda$new$0(QueryExecutorMethodInterceptor.java:88)
	at java.base/java.util.Optional.map(Optional.java:260)
	at org.springframework.data.repository.core.support.QueryExecutorMethodInterceptor.<init>(QueryExecutorMethodInterceptor.java:88)
	at org.springframework.data.repository.core.support.RepositoryFactorySupport.getRepository(RepositoryFactorySupport.java:357)
	at org.springframework.data.repository.core.support.RepositoryFactoryBeanSupport.lambda$afterPropertiesSet$5(RepositoryFactoryBeanSupport.java:279)
	at org.springframework.data.util.Lazy.getNullable(Lazy.java:135)
	at org.springframework.data.util.Lazy.get(Lazy.java:113)
	at org.springframework.data.repository.core.support.RepositoryFactoryBeanSupport.afterPropertiesSet(RepositoryFactoryBeanSupport.java:285)
	at org.springframework.data.jpa.repository.support.JpaRepositoryFactoryBean.afterPropertiesSet(JpaRepositoryFactoryBean.java:132)
	at org.springframework.beans.factory.support.AbstractAutowireCapableBeanFactory.invokeInitMethods(AbstractAutowireCapableBeanFactory.java:1833)
	at org.springframework.beans.factory.support.AbstractAutowireCapableBeanFactory.initializeBean(AbstractAutowireCapableBeanFactory.java:1782)
	... 49 common frames omitted
Caused by: java.lang.IllegalArgumentException: Failed to create query for method public abstract java.util.List com.mini6.repository.ChildRepository.findByCaseNum(); Method public abstract java.util.List com.mini6.repository.ChildRepository.findByCaseNum() expects at least 1 arguments but only found 0; This leaves an operator of type SIMPLE_PROPERTY for property caseNum unbound
	at org.springframework.data.jpa.repository.query.PartTreeJpaQuery.<init>(PartTreeJpaQuery.java:106)
	at org.springframework.data.jpa.repository.query.JpaQueryLookupStrategy$CreateQueryLookupStrategy.resolveQuery(JpaQueryLookupStrategy.java:124)
	at org.springframework.data.jpa.repository.query.JpaQueryLookupStrategy$CreateIfNotFoundQueryLookupStrategy.resolveQuery(JpaQueryLookupStrategy.java:258)
	at org.springframework.data.jpa.repository.query.JpaQueryLookupStrategy$AbstractQueryLookupStrategy.resolveQuery(JpaQueryLookupStrategy.java:95)
	at org.springframework.data.repository.core.support.QueryExecutorMethodInterceptor.lookupQuery(QueryExecutorMethodInterceptor.java:111)
	... 61 common frames omitted
Caused by: java.lang.IllegalStateException: Method public abstract java.util.List com.mini6.repository.ChildRepository.findByCaseNum() expects at least 1 arguments but only found 0; This leaves an operator of type SIMPLE_PROPERTY for property caseNum unbound
	at org.springframework.data.jpa.repository.query.PartTreeJpaQuery.throwExceptionOnArgumentMismatch(PartTreeJpaQuery.java:162)
	at org.springframework.data.jpa.repository.query.PartTreeJpaQuery.validate(PartTreeJpaQuery.java:148)
	at org.springframework.data.jpa.repository.query.PartTreeJpaQuery.<init>(PartTreeJpaQuery.java:101)
	... 65 common frames omitted
2024-04-07 12:10:15 [restartedMain] INFO  : Starting Mini6Application using Java 17.0.10 with PID 3140 (C:\Users\HP\Desktop\WorkBench\BackEnd\HIS Project\mini6\target\classes started by HP in C:\Users\HP\Desktop\WorkBench\BackEnd\HIS Project\mini6)
2024-04-07 12:10:15 [restartedMain] INFO  : No active profile set, falling back to 1 default profile: "default"
2024-04-07 12:10:15 [restartedMain] INFO  : Devtools property defaults active! Set 'spring.devtools.add-properties' to 'false' to disable
2024-04-07 12:10:15 [restartedMain] INFO  : For additional web related logging consider setting the 'logging.level.web' property to 'DEBUG'
2024-04-07 12:10:16 [restartedMain] INFO  : Bootstrapping Spring Data JPA repositories in DEFAULT mode.
2024-04-07 12:10:16 [restartedMain] INFO  : Finished Spring Data repository scanning in 97 ms. Found 8 JPA repository interfaces.
2024-04-07 12:10:18 [restartedMain] INFO  : Tomcat initialized with port 8086 (http)
2024-04-07 12:10:18 [restartedMain] INFO  : Initializing ProtocolHandler ["http-nio-8086"]
2024-04-07 12:10:18 [restartedMain] INFO  : Starting service [Tomcat]
2024-04-07 12:10:18 [restartedMain] INFO  : Starting Servlet engine: [Apache Tomcat/10.1.19]
2024-04-07 12:10:18 [restartedMain] INFO  : Initializing Spring embedded WebApplicationContext
2024-04-07 12:10:18 [restartedMain] INFO  : Root WebApplicationContext: initialization completed in 2665 ms
2024-04-07 12:10:18 [restartedMain] INFO  : HHH000204: Processing PersistenceUnitInfo [name: default]
2024-04-07 12:10:18 [restartedMain] INFO  : HHH000412: Hibernate ORM core version 6.4.4.Final
2024-04-07 12:10:18 [restartedMain] INFO  : HHH000026: Second-level cache disabled
2024-04-07 12:10:19 [restartedMain] INFO  : No LoadTimeWeaver setup: ignoring JPA class transformer
2024-04-07 12:10:19 [restartedMain] INFO  : HikariPool-1 - Starting...
2024-04-07 12:10:19 [restartedMain] INFO  : HikariPool-1 - Added connection com.mysql.cj.jdbc.ConnectionImpl@34a645e
2024-04-07 12:10:19 [restartedMain] INFO  : HikariPool-1 - Start completed.
2024-04-07 12:10:19 [restartedMain] WARN  : HHH90000025: MySQL8Dialect does not need to be specified explicitly using 'hibernate.dialect' (remove the property setting and it will be selected by default)
2024-04-07 12:10:19 [restartedMain] WARN  : HHH90000026: MySQL8Dialect has been deprecated; use org.hibernate.dialect.MySQLDialect instead
2024-04-07 12:10:21 [restartedMain] INFO  : HHH000489: No JTA platform available (set 'hibernate.transaction.jta.platform' to enable JTA platform integration)
2024-04-07 12:10:21 [restartedMain] INFO  : Initialized JPA EntityManagerFactory for persistence unit 'default'
2024-04-07 12:10:21 [restartedMain] WARN  : Exception encountered during context initialization - cancelling refresh attempt: org.springframework.beans.factory.UnsatisfiedDependencyException: Error creating bean with name 'edController' defined in file [C:\Users\HP\Desktop\WorkBench\BackEnd\HIS Project\mini6\target\classes\com\mini6\controller\EdController.class]: Unsatisfied dependency expressed through constructor parameter 0: Error creating bean with name 'eligServiceImpl' defined in file [C:\Users\HP\Desktop\WorkBench\BackEnd\HIS Project\mini6\target\classes\com\mini6\service\EligServiceImpl.class]: Unsatisfied dependency expressed through constructor parameter 0: Error creating bean with name 'childRepository' defined in com.mini6.repository.ChildRepository defined in @EnableJpaRepositories declared on JpaRepositoriesRegistrar.EnableJpaRepositoriesConfiguration: Could not create query for public abstract java.util.List com.mini6.repository.ChildRepository.findByCaseNum(); Reason: Failed to create query for method public abstract java.util.List com.mini6.repository.ChildRepository.findByCaseNum(); Method public abstract java.util.List com.mini6.repository.ChildRepository.findByCaseNum() expects at least 1 arguments but only found 0; This leaves an operator of type SIMPLE_PROPERTY for property caseNum unbound
2024-04-07 12:10:21 [restartedMain] INFO  : Closing JPA EntityManagerFactory for persistence unit 'default'
2024-04-07 12:10:21 [restartedMain] INFO  : HikariPool-1 - Shutdown initiated...
2024-04-07 12:10:21 [restartedMain] INFO  : HikariPool-1 - Shutdown completed.
2024-04-07 12:10:21 [restartedMain] INFO  : Stopping service [Tomcat]
2024-04-07 12:10:21 [restartedMain] INFO  : 

Error starting ApplicationContext. To display the condition evaluation report re-run your application with 'debug' enabled.
2024-04-07 12:10:21 [restartedMain] ERROR : Application run failed
org.springframework.beans.factory.UnsatisfiedDependencyException: Error creating bean with name 'edController' defined in file [C:\Users\HP\Desktop\WorkBench\BackEnd\HIS Project\mini6\target\classes\com\mini6\controller\EdController.class]: Unsatisfied dependency expressed through constructor parameter 0: Error creating bean with name 'eligServiceImpl' defined in file [C:\Users\HP\Desktop\WorkBench\BackEnd\HIS Project\mini6\target\classes\com\mini6\service\EligServiceImpl.class]: Unsatisfied dependency expressed through constructor parameter 0: Error creating bean with name 'childRepository' defined in com.mini6.repository.ChildRepository defined in @EnableJpaRepositories declared on JpaRepositoriesRegistrar.EnableJpaRepositoriesConfiguration: Could not create query for public abstract java.util.List com.mini6.repository.ChildRepository.findByCaseNum(); Reason: Failed to create query for method public abstract java.util.List com.mini6.repository.ChildRepository.findByCaseNum(); Method public abstract java.util.List com.mini6.repository.ChildRepository.findByCaseNum() expects at least 1 arguments but only found 0; This leaves an operator of type SIMPLE_PROPERTY for property caseNum unbound
	at org.springframework.beans.factory.support.ConstructorResolver.createArgumentArray(ConstructorResolver.java:795)
	at org.springframework.beans.factory.support.ConstructorResolver.autowireConstructor(ConstructorResolver.java:237)
	at org.springframework.beans.factory.support.AbstractAutowireCapableBeanFactory.autowireConstructor(AbstractAutowireCapableBeanFactory.java:1355)
	at org.springframework.beans.factory.support.AbstractAutowireCapableBeanFactory.createBeanInstance(AbstractAutowireCapableBeanFactory.java:1192)
	at org.springframework.beans.factory.support.AbstractAutowireCapableBeanFactory.doCreateBean(AbstractAutowireCapableBeanFactory.java:562)
	at org.springframework.beans.factory.support.AbstractAutowireCapableBeanFactory.createBean(AbstractAutowireCapableBeanFactory.java:522)
	at org.springframework.beans.factory.support.AbstractBeanFactory.lambda$doGetBean$0(AbstractBeanFactory.java:326)
	at org.springframework.beans.factory.support.DefaultSingletonBeanRegistry.getSingleton(DefaultSingletonBeanRegistry.java:234)
	at org.springframework.beans.factory.support.AbstractBeanFactory.doGetBean(AbstractBeanFactory.java:324)
	at org.springframework.beans.factory.support.AbstractBeanFactory.getBean(AbstractBeanFactory.java:200)
	at org.springframework.beans.factory.support.DefaultListableBeanFactory.preInstantiateSingletons(DefaultListableBeanFactory.java:975)
	at org.springframework.context.support.AbstractApplicationContext.finishBeanFactoryInitialization(AbstractApplicationContext.java:962)
	at org.springframework.context.support.AbstractApplicationContext.refresh(AbstractApplicationContext.java:624)
	at org.springframework.boot.web.servlet.context.ServletWebServerApplicationContext.refresh(ServletWebServerApplicationContext.java:146)
	at org.springframework.boot.SpringApplication.refresh(SpringApplication.java:754)
	at org.springframework.boot.SpringApplication.refreshContext(SpringApplication.java:456)
	at org.springframework.boot.SpringApplication.run(SpringApplication.java:334)
	at org.springframework.boot.SpringApplication.run(SpringApplication.java:1354)
	at org.springframework.boot.SpringApplication.run(SpringApplication.java:1343)
	at com.mini6.Mini6Application.main(Mini6Application.java:10)
	at java.base/jdk.internal.reflect.NativeMethodAccessorImpl.invoke0(Native Method)
	at java.base/jdk.internal.reflect.NativeMethodAccessorImpl.invoke(NativeMethodAccessorImpl.java:77)
	at java.base/jdk.internal.reflect.DelegatingMethodAccessorImpl.invoke(DelegatingMethodAccessorImpl.java:43)
	at java.base/java.lang.reflect.Method.invoke(Method.java:568)
	at org.springframework.boot.devtools.restart.RestartLauncher.run(RestartLauncher.java:50)
Caused by: org.springframework.beans.factory.UnsatisfiedDependencyException: Error creating bean with name 'eligServiceImpl' defined in file [C:\Users\HP\Desktop\WorkBench\BackEnd\HIS Project\mini6\target\classes\com\mini6\service\EligServiceImpl.class]: Unsatisfied dependency expressed through constructor parameter 0: Error creating bean with name 'childRepository' defined in com.mini6.repository.ChildRepository defined in @EnableJpaRepositories declared on JpaRepositoriesRegistrar.EnableJpaRepositoriesConfiguration: Could not create query for public abstract java.util.List com.mini6.repository.ChildRepository.findByCaseNum(); Reason: Failed to create query for method public abstract java.util.List com.mini6.repository.ChildRepository.findByCaseNum(); Method public abstract java.util.List com.mini6.repository.ChildRepository.findByCaseNum() expects at least 1 arguments but only found 0; This leaves an operator of type SIMPLE_PROPERTY for property caseNum unbound
	at org.springframework.beans.factory.support.ConstructorResolver.createArgumentArray(ConstructorResolver.java:795)
	at org.springframework.beans.factory.support.ConstructorResolver.autowireConstructor(ConstructorResolver.java:237)
	at org.springframework.beans.factory.support.AbstractAutowireCapableBeanFactory.autowireConstructor(AbstractAutowireCapableBeanFactory.java:1355)
	at org.springframework.beans.factory.support.AbstractAutowireCapableBeanFactory.createBeanInstance(AbstractAutowireCapableBeanFactory.java:1192)
	at org.springframework.beans.factory.support.AbstractAutowireCapableBeanFactory.doCreateBean(AbstractAutowireCapableBeanFactory.java:562)
	at org.springframework.beans.factory.support.AbstractAutowireCapableBeanFactory.createBean(AbstractAutowireCapableBeanFactory.java:522)
	at org.springframework.beans.factory.support.AbstractBeanFactory.lambda$doGetBean$0(AbstractBeanFactory.java:326)
	at org.springframework.beans.factory.support.DefaultSingletonBeanRegistry.getSingleton(DefaultSingletonBeanRegistry.java:234)
	at org.springframework.beans.factory.support.AbstractBeanFactory.doGetBean(AbstractBeanFactory.java:324)
	at org.springframework.beans.factory.support.AbstractBeanFactory.getBean(AbstractBeanFactory.java:200)
	at org.springframework.beans.factory.config.DependencyDescriptor.resolveCandidate(DependencyDescriptor.java:254)
	at org.springframework.beans.factory.support.DefaultListableBeanFactory.doResolveDependency(DefaultListableBeanFactory.java:1443)
	at org.springframework.beans.factory.support.DefaultListableBeanFactory.resolveDependency(DefaultListableBeanFactory.java:1353)
	at org.springframework.beans.factory.support.ConstructorResolver.resolveAutowiredArgument(ConstructorResolver.java:904)
	at org.springframework.beans.factory.support.ConstructorResolver.createArgumentArray(ConstructorResolver.java:782)
	... 24 common frames omitted
Caused by: org.springframework.beans.factory.BeanCreationException: Error creating bean with name 'childRepository' defined in com.mini6.repository.ChildRepository defined in @EnableJpaRepositories declared on JpaRepositoriesRegistrar.EnableJpaRepositoriesConfiguration: Could not create query for public abstract java.util.List com.mini6.repository.ChildRepository.findByCaseNum(); Reason: Failed to create query for method public abstract java.util.List com.mini6.repository.ChildRepository.findByCaseNum(); Method public abstract java.util.List com.mini6.repository.ChildRepository.findByCaseNum() expects at least 1 arguments but only found 0; This leaves an operator of type SIMPLE_PROPERTY for property caseNum unbound
	at org.springframework.beans.factory.support.AbstractAutowireCapableBeanFactory.initializeBean(AbstractAutowireCapableBeanFactory.java:1786)
	at org.springframework.beans.factory.support.AbstractAutowireCapableBeanFactory.doCreateBean(AbstractAutowireCapableBeanFactory.java:600)
	at org.springframework.beans.factory.support.AbstractAutowireCapableBeanFactory.createBean(AbstractAutowireCapableBeanFactory.java:522)
	at org.springframework.beans.factory.support.AbstractBeanFactory.lambda$doGetBean$0(AbstractBeanFactory.java:326)
	at org.springframework.beans.factory.support.DefaultSingletonBeanRegistry.getSingleton(DefaultSingletonBeanRegistry.java:234)
	at org.springframework.beans.factory.support.AbstractBeanFactory.doGetBean(AbstractBeanFactory.java:324)
	at org.springframework.beans.factory.support.AbstractBeanFactory.getBean(AbstractBeanFactory.java:200)
	at org.springframework.beans.factory.config.DependencyDescriptor.resolveCandidate(DependencyDescriptor.java:254)
	at org.springframework.beans.factory.support.DefaultListableBeanFactory.doResolveDependency(DefaultListableBeanFactory.java:1443)
	at org.springframework.beans.factory.support.DefaultListableBeanFactory.resolveDependency(DefaultListableBeanFactory.java:1353)
	at org.springframework.beans.factory.support.ConstructorResolver.resolveAutowiredArgument(ConstructorResolver.java:904)
	at org.springframework.beans.factory.support.ConstructorResolver.createArgumentArray(ConstructorResolver.java:782)
	... 38 common frames omitted
Caused by: org.springframework.data.repository.query.QueryCreationException: Could not create query for public abstract java.util.List com.mini6.repository.ChildRepository.findByCaseNum(); Reason: Failed to create query for method public abstract java.util.List com.mini6.repository.ChildRepository.findByCaseNum(); Method public abstract java.util.List com.mini6.repository.ChildRepository.findByCaseNum() expects at least 1 arguments but only found 0; This leaves an operator of type SIMPLE_PROPERTY for property caseNum unbound
	at org.springframework.data.repository.query.QueryCreationException.create(QueryCreationException.java:101)
	at org.springframework.data.repository.core.support.QueryExecutorMethodInterceptor.lookupQuery(QueryExecutorMethodInterceptor.java:115)
	at org.springframework.data.repository.core.support.QueryExecutorMethodInterceptor.mapMethodsToQuery(QueryExecutorMethodInterceptor.java:99)
	at org.springframework.data.repository.core.support.QueryExecutorMethodInterceptor.lambda$new$0(QueryExecutorMethodInterceptor.java:88)
	at java.base/java.util.Optional.map(Optional.java:260)
	at org.springframework.data.repository.core.support.QueryExecutorMethodInterceptor.<init>(QueryExecutorMethodInterceptor.java:88)
	at org.springframework.data.repository.core.support.RepositoryFactorySupport.getRepository(RepositoryFactorySupport.java:357)
	at org.springframework.data.repository.core.support.RepositoryFactoryBeanSupport.lambda$afterPropertiesSet$5(RepositoryFactoryBeanSupport.java:279)
	at org.springframework.data.util.Lazy.getNullable(Lazy.java:135)
	at org.springframework.data.util.Lazy.get(Lazy.java:113)
	at org.springframework.data.repository.core.support.RepositoryFactoryBeanSupport.afterPropertiesSet(RepositoryFactoryBeanSupport.java:285)
	at org.springframework.data.jpa.repository.support.JpaRepositoryFactoryBean.afterPropertiesSet(JpaRepositoryFactoryBean.java:132)
	at org.springframework.beans.factory.support.AbstractAutowireCapableBeanFactory.invokeInitMethods(AbstractAutowireCapableBeanFactory.java:1833)
	at org.springframework.beans.factory.support.AbstractAutowireCapableBeanFactory.initializeBean(AbstractAutowireCapableBeanFactory.java:1782)
	... 49 common frames omitted
Caused by: java.lang.IllegalArgumentException: Failed to create query for method public abstract java.util.List com.mini6.repository.ChildRepository.findByCaseNum(); Method public abstract java.util.List com.mini6.repository.ChildRepository.findByCaseNum() expects at least 1 arguments but only found 0; This leaves an operator of type SIMPLE_PROPERTY for property caseNum unbound
	at org.springframework.data.jpa.repository.query.PartTreeJpaQuery.<init>(PartTreeJpaQuery.java:106)
	at org.springframework.data.jpa.repository.query.JpaQueryLookupStrategy$CreateQueryLookupStrategy.resolveQuery(JpaQueryLookupStrategy.java:124)
	at org.springframework.data.jpa.repository.query.JpaQueryLookupStrategy$CreateIfNotFoundQueryLookupStrategy.resolveQuery(JpaQueryLookupStrategy.java:258)
	at org.springframework.data.jpa.repository.query.JpaQueryLookupStrategy$AbstractQueryLookupStrategy.resolveQuery(JpaQueryLookupStrategy.java:95)
	at org.springframework.data.repository.core.support.QueryExecutorMethodInterceptor.lookupQuery(QueryExecutorMethodInterceptor.java:111)
	... 61 common frames omitted
Caused by: java.lang.IllegalStateException: Method public abstract java.util.List com.mini6.repository.ChildRepository.findByCaseNum() expects at least 1 arguments but only found 0; This leaves an operator of type SIMPLE_PROPERTY for property caseNum unbound
	at org.springframework.data.jpa.repository.query.PartTreeJpaQuery.throwExceptionOnArgumentMismatch(PartTreeJpaQuery.java:162)
	at org.springframework.data.jpa.repository.query.PartTreeJpaQuery.validate(PartTreeJpaQuery.java:148)
	at org.springframework.data.jpa.repository.query.PartTreeJpaQuery.<init>(PartTreeJpaQuery.java:101)
	... 65 common frames omitted
2024-04-07 12:17:08 [restartedMain] INFO  : Starting Mini6Application using Java 17.0.10 with PID 12372 (C:\Users\HP\Desktop\WorkBench\BackEnd\HIS Project\mini6\target\classes started by HP in C:\Users\HP\Desktop\WorkBench\BackEnd\HIS Project\mini6)
2024-04-07 12:17:08 [restartedMain] INFO  : No active profile set, falling back to 1 default profile: "default"
2024-04-07 12:17:08 [restartedMain] INFO  : Devtools property defaults active! Set 'spring.devtools.add-properties' to 'false' to disable
2024-04-07 12:17:08 [restartedMain] INFO  : For additional web related logging consider setting the 'logging.level.web' property to 'DEBUG'
2024-04-07 12:17:09 [restartedMain] INFO  : Bootstrapping Spring Data JPA repositories in DEFAULT mode.
2024-04-07 12:17:09 [restartedMain] INFO  : Finished Spring Data repository scanning in 105 ms. Found 8 JPA repository interfaces.
2024-04-07 12:17:10 [restartedMain] INFO  : Tomcat initialized with port 8086 (http)
2024-04-07 12:17:10 [restartedMain] INFO  : Initializing ProtocolHandler ["http-nio-8086"]
2024-04-07 12:17:10 [restartedMain] INFO  : Starting service [Tomcat]
2024-04-07 12:17:10 [restartedMain] INFO  : Starting Servlet engine: [Apache Tomcat/10.1.19]
2024-04-07 12:17:10 [restartedMain] INFO  : Initializing Spring embedded WebApplicationContext
2024-04-07 12:17:10 [restartedMain] INFO  : Root WebApplicationContext: initialization completed in 2587 ms
2024-04-07 12:17:11 [restartedMain] INFO  : HHH000204: Processing PersistenceUnitInfo [name: default]
2024-04-07 12:17:11 [restartedMain] INFO  : HHH000412: Hibernate ORM core version 6.4.4.Final
2024-04-07 12:17:11 [restartedMain] INFO  : HHH000026: Second-level cache disabled
2024-04-07 12:17:11 [restartedMain] INFO  : No LoadTimeWeaver setup: ignoring JPA class transformer
2024-04-07 12:17:11 [restartedMain] INFO  : HikariPool-1 - Starting...
2024-04-07 12:17:12 [restartedMain] INFO  : HikariPool-1 - Added connection com.mysql.cj.jdbc.ConnectionImpl@1150b473
2024-04-07 12:17:12 [restartedMain] INFO  : HikariPool-1 - Start completed.
2024-04-07 12:17:12 [restartedMain] WARN  : HHH90000025: MySQL8Dialect does not need to be specified explicitly using 'hibernate.dialect' (remove the property setting and it will be selected by default)
2024-04-07 12:17:12 [restartedMain] WARN  : HHH90000026: MySQL8Dialect has been deprecated; use org.hibernate.dialect.MySQLDialect instead
2024-04-07 12:17:14 [restartedMain] INFO  : HHH000489: No JTA platform available (set 'hibernate.transaction.jta.platform' to enable JTA platform integration)
2024-04-07 12:17:14 [restartedMain] INFO  : Initialized JPA EntityManagerFactory for persistence unit 'default'
2024-04-07 12:17:15 [restartedMain] WARN  : spring.jpa.open-in-view is enabled by default. Therefore, database queries may be performed during view rendering. Explicitly configure spring.jpa.open-in-view to disable this warning
2024-04-07 12:17:16 [restartedMain] INFO  : LiveReload server is running on port 35729
2024-04-07 12:17:16 [restartedMain] INFO  : Starting ProtocolHandler ["http-nio-8086"]
2024-04-07 12:17:16 [restartedMain] INFO  : Tomcat started on port 8086 (http) with context path ''
2024-04-07 12:17:16 [restartedMain] INFO  : Started Mini6Application in 9.341 seconds (process running for 10.691)
2024-04-07 12:37:56 [http-nio-8086-exec-1] INFO  : Initializing Spring DispatcherServlet 'dispatcherServlet'
2024-04-07 12:37:56 [http-nio-8086-exec-1] INFO  : Initializing Servlet 'dispatcherServlet'
2024-04-07 12:37:56 [http-nio-8086-exec-1] INFO  : Completed initialization in 3 ms
2024-04-07 12:37:57 [http-nio-8086-exec-10] INFO  : Init duration for springdoc-openapi is: 311 ms
2024-04-07 12:39:06 [http-nio-8086-exec-5] INFO  : Method invoked: class com.mini6.service.EligServiceImpl:determineEligibility() Arguments: [1]
2024-04-07 12:39:07 [http-nio-8086-exec-5] INFO  : class com.mini6.service.EligServiceImpl : determineEligibility() Response: EligResponse(planName=SNAP, planStatus=Approved, planStartDate=2024-04-07, planEndDate=2024-10-07, benefitAmt=350.0, denialReason=null)
2024-04-07 12:39:40 [http-nio-8086-exec-7] INFO  : Method invoked: class com.mini6.service.EligServiceImpl:determineEligibility() Arguments: [2]
2024-04-07 12:39:40 [http-nio-8086-exec-7] ERROR : Servlet.service() for servlet [dispatcherServlet] in context with path [] threw exception [Request processing failed: org.springframework.dao.InvalidDataAccessApiUsageException: The given id must not be null] with root cause
java.lang.IllegalArgumentException: The given id must not be null
	at org.springframework.util.Assert.notNull(Assert.java:172)
	at org.springframework.data.jpa.repository.support.SimpleJpaRepository.findById(SimpleJpaRepository.java:302)
	at java.base/jdk.internal.reflect.NativeMethodAccessorImpl.invoke0(Native Method)
	at java.base/jdk.internal.reflect.NativeMethodAccessorImpl.invoke(NativeMethodAccessorImpl.java:77)
	at java.base/jdk.internal.reflect.DelegatingMethodAccessorImpl.invoke(DelegatingMethodAccessorImpl.java:43)
	at java.base/java.lang.reflect.Method.invoke(Method.java:568)
	at org.springframework.aop.support.AopUtils.invokeJoinpointUsingReflection(AopUtils.java:351)
	at org.springframework.data.repository.core.support.RepositoryMethodInvoker$RepositoryFragmentMethodInvoker.lambda$new$0(RepositoryMethodInvoker.java:277)
	at org.springframework.data.repository.core.support.RepositoryMethodInvoker.doInvoke(RepositoryMethodInvoker.java:170)
	at org.springframework.data.repository.core.support.RepositoryMethodInvoker.invoke(RepositoryMethodInvoker.java:158)
	at org.springframework.data.repository.core.support.RepositoryComposition$RepositoryFragments.invoke(RepositoryComposition.java:516)
	at org.springframework.data.repository.core.support.RepositoryComposition.invoke(RepositoryComposition.java:285)
	at org.springframework.data.repository.core.support.RepositoryFactorySupport$ImplementationMethodExecutionInterceptor.invoke(RepositoryFactorySupport.java:628)
	at org.springframework.aop.framework.ReflectiveMethodInvocation.proceed(ReflectiveMethodInvocation.java:184)
	at org.springframework.data.repository.core.support.QueryExecutorMethodInterceptor.doInvoke(QueryExecutorMethodInterceptor.java:168)
	at org.springframework.data.repository.core.support.QueryExecutorMethodInterceptor.invoke(QueryExecutorMethodInterceptor.java:143)
	at org.springframework.aop.framework.ReflectiveMethodInvocation.proceed(ReflectiveMethodInvocation.java:184)
	at org.springframework.data.projection.DefaultMethodInvokingMethodInterceptor.invoke(DefaultMethodInvokingMethodInterceptor.java:70)
	at org.springframework.aop.framework.ReflectiveMethodInvocation.proceed(ReflectiveMethodInvocation.java:184)
	at org.springframework.transaction.interceptor.TransactionInterceptor$1.proceedWithInvocation(TransactionInterceptor.java:123)
	at org.springframework.transaction.interceptor.TransactionAspectSupport.invokeWithinTransaction(TransactionAspectSupport.java:392)
	at org.springframework.transaction.interceptor.TransactionInterceptor.invoke(TransactionInterceptor.java:119)
	at org.springframework.aop.framework.ReflectiveMethodInvocation.proceed(ReflectiveMethodInvocation.java:184)
	at org.springframework.dao.support.PersistenceExceptionTranslationInterceptor.invoke(PersistenceExceptionTranslationInterceptor.java:137)
	at org.springframework.aop.framework.ReflectiveMethodInvocation.proceed(ReflectiveMethodInvocation.java:184)
	at org.springframework.data.jpa.repository.support.CrudMethodMetadataPostProcessor$CrudMethodMetadataPopulatingMethodInterceptor.invoke(CrudMethodMetadataPostProcessor.java:164)
	at org.springframework.aop.framework.ReflectiveMethodInvocation.proceed(ReflectiveMethodInvocation.java:184)
	at org.springframework.aop.interceptor.ExposeInvocationInterceptor.invoke(ExposeInvocationInterceptor.java:97)
	at org.springframework.aop.framework.ReflectiveMethodInvocation.proceed(ReflectiveMethodInvocation.java:184)
	at org.springframework.aop.framework.JdkDynamicAopProxy.invoke(JdkDynamicAopProxy.java:220)
	at jdk.proxy4/jdk.proxy4.$Proxy133.findById(Unknown Source)
	at com.mini6.service.EligServiceImpl.determineEligibility(EligServiceImpl.java:75)
	at java.base/jdk.internal.reflect.NativeMethodAccessorImpl.invoke0(Native Method)
	at java.base/jdk.internal.reflect.NativeMethodAccessorImpl.invoke(NativeMethodAccessorImpl.java:77)
	at java.base/jdk.internal.reflect.DelegatingMethodAccessorImpl.invoke(DelegatingMethodAccessorImpl.java:43)
	at java.base/java.lang.reflect.Method.invoke(Method.java:568)
	at org.springframework.aop.support.AopUtils.invokeJoinpointUsingReflection(AopUtils.java:351)
	at org.springframework.aop.framework.ReflectiveMethodInvocation.invokeJoinpoint(ReflectiveMethodInvocation.java:196)
	at org.springframework.aop.framework.ReflectiveMethodInvocation.proceed(ReflectiveMethodInvocation.java:163)
	at org.springframework.aop.framework.CglibAopProxy$CglibMethodInvocation.proceed(CglibAopProxy.java:765)
	at org.springframework.aop.aspectj.MethodInvocationProceedingJoinPoint.proceed(MethodInvocationProceedingJoinPoint.java:89)
	at com.mini6.aopadvice.LoggingAdvice.applicationLogger(LoggingAdvice.java:28)
	at java.base/jdk.internal.reflect.NativeMethodAccessorImpl.invoke0(Native Method)
	at java.base/jdk.internal.reflect.NativeMethodAccessorImpl.invoke(NativeMethodAccessorImpl.java:77)
	at java.base/jdk.internal.reflect.DelegatingMethodAccessorImpl.invoke(DelegatingMethodAccessorImpl.java:43)
	at java.base/java.lang.reflect.Method.invoke(Method.java:568)
	at org.springframework.aop.aspectj.AbstractAspectJAdvice.invokeAdviceMethodWithGivenArgs(AbstractAspectJAdvice.java:637)
	at org.springframework.aop.aspectj.AbstractAspectJAdvice.invokeAdviceMethod(AbstractAspectJAdvice.java:627)
	at org.springframework.aop.aspectj.AspectJAroundAdvice.invoke(AspectJAroundAdvice.java:71)
	at org.springframework.aop.framework.ReflectiveMethodInvocation.proceed(ReflectiveMethodInvocation.java:184)
	at org.springframework.aop.framework.CglibAopProxy$CglibMethodInvocation.proceed(CglibAopProxy.java:765)
	at org.springframework.aop.interceptor.ExposeInvocationInterceptor.invoke(ExposeInvocationInterceptor.java:97)
	at org.springframework.aop.framework.ReflectiveMethodInvocation.proceed(ReflectiveMethodInvocation.java:184)
	at org.springframework.aop.framework.CglibAopProxy$CglibMethodInvocation.proceed(CglibAopProxy.java:765)
	at org.springframework.aop.framework.CglibAopProxy$DynamicAdvisedInterceptor.intercept(CglibAopProxy.java:717)
	at com.mini6.service.EligServiceImpl$$SpringCGLIB$$0.determineEligibility(<generated>)
	at com.mini6.controller.EdController.determaineEligibility(EdController.java:26)
	at java.base/jdk.internal.reflect.NativeMethodAccessorImpl.invoke0(Native Method)
	at java.base/jdk.internal.reflect.NativeMethodAccessorImpl.invoke(NativeMethodAccessorImpl.java:77)
	at java.base/jdk.internal.reflect.DelegatingMethodAccessorImpl.invoke(DelegatingMethodAccessorImpl.java:43)
	at java.base/java.lang.reflect.Method.invoke(Method.java:568)
	at org.springframework.web.method.support.InvocableHandlerMethod.doInvoke(InvocableHandlerMethod.java:255)
	at org.springframework.web.method.support.InvocableHandlerMethod.invokeForRequest(InvocableHandlerMethod.java:188)
	at org.springframework.web.servlet.mvc.method.annotation.ServletInvocableHandlerMethod.invokeAndHandle(ServletInvocableHandlerMethod.java:118)
	at org.springframework.web.servlet.mvc.method.annotation.RequestMappingHandlerAdapter.invokeHandlerMethod(RequestMappingHandlerAdapter.java:925)
	at org.springframework.web.servlet.mvc.method.annotation.RequestMappingHandlerAdapter.handleInternal(RequestMappingHandlerAdapter.java:830)
	at org.springframework.web.servlet.mvc.method.AbstractHandlerMethodAdapter.handle(AbstractHandlerMethodAdapter.java:87)
	at org.springframework.web.servlet.DispatcherServlet.doDispatch(DispatcherServlet.java:1089)
	at org.springframework.web.servlet.DispatcherServlet.doService(DispatcherServlet.java:979)
	at org.springframework.web.servlet.FrameworkServlet.processRequest(FrameworkServlet.java:1014)
	at org.springframework.web.servlet.FrameworkServlet.doGet(FrameworkServlet.java:903)
	at jakarta.servlet.http.HttpServlet.service(HttpServlet.java:564)
	at org.springframework.web.servlet.FrameworkServlet.service(FrameworkServlet.java:885)
	at jakarta.servlet.http.HttpServlet.service(HttpServlet.java:658)
	at org.apache.catalina.core.ApplicationFilterChain.internalDoFilter(ApplicationFilterChain.java:205)
	at org.apache.catalina.core.ApplicationFilterChain.doFilter(ApplicationFilterChain.java:149)
	at org.apache.tomcat.websocket.server.WsFilter.doFilter(WsFilter.java:51)
	at org.apache.catalina.core.ApplicationFilterChain.internalDoFilter(ApplicationFilterChain.java:174)
	at org.apache.catalina.core.ApplicationFilterChain.doFilter(ApplicationFilterChain.java:149)
	at org.springframework.web.filter.RequestContextFilter.doFilterInternal(RequestContextFilter.java:100)
	at org.springframework.web.filter.OncePerRequestFilter.doFilter(OncePerRequestFilter.java:116)
	at org.apache.catalina.core.ApplicationFilterChain.internalDoFilter(ApplicationFilterChain.java:174)
	at org.apache.catalina.core.ApplicationFilterChain.doFilter(ApplicationFilterChain.java:149)
	at org.springframework.web.filter.FormContentFilter.doFilterInternal(FormContentFilter.java:93)
	at org.springframework.web.filter.OncePerRequestFilter.doFilter(OncePerRequestFilter.java:116)
	at org.apache.catalina.core.ApplicationFilterChain.internalDoFilter(ApplicationFilterChain.java:174)
	at org.apache.catalina.core.ApplicationFilterChain.doFilter(ApplicationFilterChain.java:149)
	at org.springframework.web.filter.CharacterEncodingFilter.doFilterInternal(CharacterEncodingFilter.java:201)
	at org.springframework.web.filter.OncePerRequestFilter.doFilter(OncePerRequestFilter.java:116)
	at org.apache.catalina.core.ApplicationFilterChain.internalDoFilter(ApplicationFilterChain.java:174)
	at org.apache.catalina.core.ApplicationFilterChain.doFilter(ApplicationFilterChain.java:149)
	at org.apache.catalina.core.StandardWrapperValve.invoke(StandardWrapperValve.java:167)
	at org.apache.catalina.core.StandardContextValve.invoke(StandardContextValve.java:90)
	at org.apache.catalina.authenticator.AuthenticatorBase.invoke(AuthenticatorBase.java:482)
	at org.apache.catalina.core.StandardHostValve.invoke(StandardHostValve.java:115)
	at org.apache.catalina.valves.ErrorReportValve.invoke(ErrorReportValve.java:93)
	at org.apache.catalina.core.StandardEngineValve.invoke(StandardEngineValve.java:74)
	at org.apache.catalina.connector.CoyoteAdapter.service(CoyoteAdapter.java:344)
	at org.apache.coyote.http11.Http11Processor.service(Http11Processor.java:391)
	at org.apache.coyote.AbstractProcessorLight.process(AbstractProcessorLight.java:63)
	at org.apache.coyote.AbstractProtocol$ConnectionHandler.process(AbstractProtocol.java:896)
	at org.apache.tomcat.util.net.NioEndpoint$SocketProcessor.doRun(NioEndpoint.java:1744)
	at org.apache.tomcat.util.net.SocketProcessorBase.run(SocketProcessorBase.java:52)
	at org.apache.tomcat.util.threads.ThreadPoolExecutor.runWorker(ThreadPoolExecutor.java:1191)
	at org.apache.tomcat.util.threads.ThreadPoolExecutor$Worker.run(ThreadPoolExecutor.java:659)
	at org.apache.tomcat.util.threads.TaskThread$WrappingRunnable.run(TaskThread.java:63)
	at java.base/java.lang.Thread.run(Thread.java:840)
2024-04-07 12:39:51 [http-nio-8086-exec-9] INFO  : Method invoked: class com.mini6.service.EligServiceImpl:determineEligibility() Arguments: [1]
2024-04-07 12:39:51 [http-nio-8086-exec-9] INFO  : class com.mini6.service.EligServiceImpl : determineEligibility() Response: EligResponse(planName=SNAP, planStatus=Approved, planStartDate=2024-04-07, planEndDate=2024-10-07, benefitAmt=350.0, denialReason=null)
2024-04-07 12:40:24 [RMI TCP Connection(27)-127.0.0.1] INFO  : Application shutdown requested.
2024-04-07 12:40:24 [RMI TCP Connection(27)-127.0.0.1] INFO  : Stopping ProtocolHandler ["http-nio-8086"]
2024-04-07 12:40:24 [RMI TCP Connection(27)-127.0.0.1] INFO  : Closing JPA EntityManagerFactory for persistence unit 'default'
2024-04-07 12:40:24 [RMI TCP Connection(27)-127.0.0.1] INFO  : HikariPool-1 - Shutdown initiated...
2024-04-07 12:40:24 [RMI TCP Connection(27)-127.0.0.1] INFO  : HikariPool-1 - Shutdown completed.
