2024-03-25 20:55:28 [restartedMain] INFO  : Starting Mini2Application using Java 17.0.10 with PID 60716 (D:\PersonalSpring\FinalProject\mini-2\target\classes started by Chandra Sekhar in D:\PersonalSpring\FinalProject\mini-2)
2024-03-25 20:55:28 [restartedMain] INFO  : No active profile set, falling back to 1 default profile: "default"
2024-03-25 20:55:29 [restartedMain] INFO  : Devtools property defaults active! Set 'spring.devtools.add-properties' to 'false' to disable
2024-03-25 20:55:29 [restartedMain] INFO  : For additional web related logging consider setting the 'logging.level.web' property to 'DEBUG'
2024-03-25 20:55:29 [restartedMain] INFO  : Bootstrapping Spring Data JPA repositories in DEFAULT mode.
2024-03-25 20:55:29 [restartedMain] INFO  : Finished Spring Data repository scanning in 60 ms. Found 1 JPA repository interface.
2024-03-25 20:55:30 [restartedMain] INFO  : Tomcat initialized with port(s): 8080 (http)
2024-03-25 20:55:31 [restartedMain] INFO  : Root WebApplicationContext: initialization completed in 2040 ms
2024-03-25 20:55:31 [restartedMain] INFO  : HHH000204: Processing PersistenceUnitInfo [name: default]
2024-03-25 20:55:31 [restartedMain] INFO  : HHH000412: Hibernate ORM core version 6.2.22.Final
2024-03-25 20:55:31 [restartedMain] INFO  : HHH000406: Using bytecode reflection optimizer
2024-03-25 20:55:31 [restartedMain] INFO  : No LoadTimeWeaver setup: ignoring JPA class transformer
2024-03-25 20:55:31 [restartedMain] INFO  : HikariPool-1 - Starting...
2024-03-25 20:55:32 [restartedMain] INFO  : HikariPool-1 - Added connection com.mysql.cj.jdbc.ConnectionImpl@7bde888d
2024-03-25 20:55:32 [restartedMain] INFO  : HikariPool-1 - Start completed.
2024-03-25 20:55:32 [restartedMain] WARN  : HHH90000025: MySQL8Dialect does not need to be specified explicitly using 'hibernate.dialect' (remove the property setting and it will be selected by default)
2024-03-25 20:55:32 [restartedMain] WARN  : HHH90000026: MySQL8Dialect has been deprecated; use org.hibernate.dialect.MySQLDialect instead
2024-03-25 20:55:33 [restartedMain] INFO  : HHH000489: No JTA platform available (set 'hibernate.transaction.jta.platform' to enable JTA platform integration)
2024-03-25 20:55:33 [restartedMain] INFO  : Initialized JPA EntityManagerFactory for persistence unit 'default'
2024-03-25 20:55:33 [restartedMain] INFO  : Hibernate is in classpath; If applicable, HQL parser will be used.
2024-03-25 20:55:34 [restartedMain] WARN  : spring.jpa.open-in-view is enabled by default. Therefore, database queries may be performed during view rendering. Explicitly configure spring.jpa.open-in-view to disable this warning
2024-03-25 20:55:34 [restartedMain] INFO  : LiveReload server is running on port 35729
2024-03-25 20:55:34 [restartedMain] INFO  : Tomcat started on port(s): 8080 (http) with context path ''
2024-03-25 20:55:34 [restartedMain] INFO  : Started Mini2Application in 6.64 seconds (process running for 7.81)
2024-03-25 20:56:08 [http-nio-8080-exec-1] INFO  : Initializing Servlet 'dispatcherServlet'
2024-03-25 20:56:08 [http-nio-8080-exec-1] INFO  : Completed initialization in 2 ms
2024-03-25 20:56:08 [http-nio-8080-exec-1] INFO  : Method invoked: class com.mini2.service.ReportsServiceImpl:search() Arguments: [ReportRequest(planName=CCAP, status=, planStartDate=null, planEndDate=null)]
2024-03-25 20:56:08 [http-nio-8080-exec-1] INFO  : class com.mini2.service.ReportsServiceImpl : search() Response: [ReportResponse(eligibleId=2, Name=Smith, mobileNumber=9387936213, email=Smith23@gmail.com, gender=Male, ssn=8973612)]
2024-03-25 20:57:01 [http-nio-8080-exec-3] INFO  : Method invoked: class com.mini2.service.ReportsServiceImpl:search() Arguments: [ReportRequest(planName=, status=Approved, planStartDate=null, planEndDate=null)]
2024-03-25 20:57:01 [http-nio-8080-exec-3] INFO  : class com.mini2.service.ReportsServiceImpl : search() Response: [ReportResponse(eligibleId=1, Name=Jhon, mobileNumber=8967236473, email=Jhone123@gmail.com, gender=Male, ssn=76446333)]
2024-03-25 20:59:43 [File Watcher] INFO  : Restarting due to 3 class path changes (0 additions, 0 deletions, 3 modifications)
2024-03-25 20:59:43 [Thread-5] INFO  : Closing JPA EntityManagerFactory for persistence unit 'default'
2024-03-25 20:59:43 [Thread-5] INFO  : HikariPool-1 - Shutdown initiated...
2024-03-25 20:59:43 [Thread-5] INFO  : HikariPool-1 - Shutdown completed.
2024-03-25 20:59:43 [restartedMain] INFO  : Starting Mini2Application using Java 17.0.10 with PID 60716 (D:\PersonalSpring\FinalProject\mini-2\target\classes started by Chandra Sekhar in D:\PersonalSpring\FinalProject\mini-2)
2024-03-25 20:59:43 [restartedMain] INFO  : No active profile set, falling back to 1 default profile: "default"
2024-03-25 20:59:44 [restartedMain] INFO  : Bootstrapping Spring Data JPA repositories in DEFAULT mode.
2024-03-25 20:59:44 [restartedMain] INFO  : Finished Spring Data repository scanning in 11 ms. Found 1 JPA repository interface.
2024-03-25 20:59:44 [restartedMain] INFO  : Tomcat initialized with port(s): 8080 (http)
2024-03-25 20:59:44 [restartedMain] INFO  : Root WebApplicationContext: initialization completed in 484 ms
2024-03-25 20:59:44 [restartedMain] INFO  : HHH000204: Processing PersistenceUnitInfo [name: default]
2024-03-25 20:59:44 [restartedMain] INFO  : No LoadTimeWeaver setup: ignoring JPA class transformer
2024-03-25 20:59:44 [restartedMain] INFO  : HikariPool-2 - Starting...
2024-03-25 20:59:44 [restartedMain] INFO  : HikariPool-2 - Added connection com.mysql.cj.jdbc.ConnectionImpl@1cf9c942
2024-03-25 20:59:44 [restartedMain] INFO  : HikariPool-2 - Start completed.
2024-03-25 20:59:44 [restartedMain] WARN  : HHH90000025: MySQL8Dialect does not need to be specified explicitly using 'hibernate.dialect' (remove the property setting and it will be selected by default)
2024-03-25 20:59:44 [restartedMain] WARN  : HHH90000026: MySQL8Dialect has been deprecated; use org.hibernate.dialect.MySQLDialect instead
2024-03-25 20:59:44 [restartedMain] INFO  : HHH000489: No JTA platform available (set 'hibernate.transaction.jta.platform' to enable JTA platform integration)
2024-03-25 20:59:44 [restartedMain] INFO  : Initialized JPA EntityManagerFactory for persistence unit 'default'
2024-03-25 20:59:44 [restartedMain] WARN  : spring.jpa.open-in-view is enabled by default. Therefore, database queries may be performed during view rendering. Explicitly configure spring.jpa.open-in-view to disable this warning
2024-03-25 20:59:45 [restartedMain] INFO  : LiveReload server is running on port 35729
2024-03-25 20:59:45 [restartedMain] INFO  : Tomcat started on port(s): 8080 (http) with context path ''
2024-03-25 20:59:45 [restartedMain] INFO  : Started Mini2Application in 1.587 seconds (process running for 258.328)
2024-03-25 20:59:45 [restartedMain] INFO  : Condition evaluation unchanged
2024-03-25 21:00:10 [RMI TCP Connection(8)-127.0.0.1] INFO  : Application shutdown requested.
2024-03-25 21:00:10 [RMI TCP Connection(8)-127.0.0.1] INFO  : Closing JPA EntityManagerFactory for persistence unit 'default'
2024-03-25 21:00:10 [RMI TCP Connection(8)-127.0.0.1] INFO  : HikariPool-2 - Shutdown initiated...
2024-03-25 21:00:10 [RMI TCP Connection(8)-127.0.0.1] INFO  : HikariPool-2 - Shutdown completed.
