2024-04-07 14:15:56 [restartedMain] INFO  : Starting Mini2Application using Java 17.0.10 with PID 1432 (C:\Users\Teja\Desktop\Workspace\HIS\BackEnd\mini-2\target\classes started by Teja in C:\Users\Teja\Desktop\Workspace\HIS\BackEnd\mini-2)
2024-04-07 14:15:56 [restartedMain] INFO  : No active profile set, falling back to 1 default profile: "default"
2024-04-07 14:15:57 [restartedMain] INFO  : Devtools property defaults active! Set 'spring.devtools.add-properties' to 'false' to disable
2024-04-07 14:15:57 [restartedMain] INFO  : For additional web related logging consider setting the 'logging.level.web' property to 'DEBUG'
2024-04-07 14:15:59 [restartedMain] INFO  : Bootstrapping Spring Data JPA repositories in DEFAULT mode.
2024-04-07 14:15:59 [restartedMain] INFO  : Finished Spring Data repository scanning in 148 ms. Found 1 JPA repository interface.
2024-04-07 14:16:01 [restartedMain] INFO  : Tomcat initialized with port(s): 8082 (http)
2024-04-07 14:16:01 [restartedMain] INFO  : Root WebApplicationContext: initialization completed in 4505 ms
2024-04-07 14:16:02 [restartedMain] INFO  : HHH000204: Processing PersistenceUnitInfo [name: default]
2024-04-07 14:16:02 [restartedMain] INFO  : HHH000412: Hibernate ORM core version 6.2.22.Final
2024-04-07 14:16:02 [restartedMain] INFO  : HHH000406: Using bytecode reflection optimizer
2024-04-07 14:16:02 [restartedMain] INFO  : No LoadTimeWeaver setup: ignoring JPA class transformer
2024-04-07 14:16:03 [restartedMain] INFO  : HikariPool-1 - Starting...
2024-04-07 14:16:03 [restartedMain] INFO  : HikariPool-1 - Added connection com.mysql.cj.jdbc.ConnectionImpl@31646145
2024-04-07 14:16:03 [restartedMain] INFO  : HikariPool-1 - Start completed.
2024-04-07 14:16:03 [restartedMain] WARN  : HHH90000025: MySQL8Dialect does not need to be specified explicitly using 'hibernate.dialect' (remove the property setting and it will be selected by default)
2024-04-07 14:16:03 [restartedMain] WARN  : HHH90000026: MySQL8Dialect has been deprecated; use org.hibernate.dialect.MySQLDialect instead
2024-04-07 14:16:05 [restartedMain] INFO  : HHH000489: No JTA platform available (set 'hibernate.transaction.jta.platform' to enable JTA platform integration)
2024-04-07 14:16:06 [restartedMain] INFO  : Initialized JPA EntityManagerFactory for persistence unit 'default'
2024-04-07 14:16:07 [restartedMain] INFO  : Hibernate is in classpath; If applicable, HQL parser will be used.
2024-04-07 14:16:08 [restartedMain] WARN  : spring.jpa.open-in-view is enabled by default. Therefore, database queries may be performed during view rendering. Explicitly configure spring.jpa.open-in-view to disable this warning
2024-04-07 14:16:10 [restartedMain] WARN  : Unable to start LiveReload server
2024-04-07 14:16:10 [restartedMain] INFO  : Tomcat started on port(s): 8082 (http) with context path ''
2024-04-07 14:16:10 [restartedMain] INFO  : Started Mini2Application in 15.008 seconds (process running for 17.56)
2024-04-07 14:23:00 [http-nio-8082-exec-1] INFO  : Initializing Servlet 'dispatcherServlet'
2024-04-07 14:23:00 [http-nio-8082-exec-1] INFO  : Completed initialization in 80 ms
2024-04-07 14:23:00 [http-nio-8082-exec-2] INFO  : Method invoked: class com.mini2.service.ReportsServiceImpl:getUniquePlanStatus() Arguments: []
2024-04-07 14:23:00 [http-nio-8082-exec-1] INFO  : Method invoked: class com.mini2.service.ReportsServiceImpl:getUniquePlanName() Arguments: []
2024-04-07 14:23:01 [http-nio-8082-exec-2] INFO  : class com.mini2.service.ReportsServiceImpl : getUniquePlanStatus() Response: [Approved, Denied, Closed]
2024-04-07 14:23:01 [http-nio-8082-exec-1] INFO  : class com.mini2.service.ReportsServiceImpl : getUniquePlanName() Response: [SNAP, CCAP, Medical]
2024-04-07 14:23:03 [http-nio-8082-exec-3] INFO  : Method invoked: class com.mini2.service.ReportsServiceImpl:search() Arguments: [ReportRequest(planName=, status=, planStartDate=null, planEndDate=null)]
2024-04-07 14:23:03 [http-nio-8082-exec-3] INFO  : class com.mini2.service.ReportsServiceImpl : search() Response: [ReportResponse(eligibleId=1, Name=Jhon, mobileNumber=8967236473, email=Jhone123@gmail.com, gender=Male, ssn=76446333), ReportResponse(eligibleId=2, Name=Smith, mobileNumber=9387936213, email=Smith23@gmail.com, gender=Male, ssn=8973612), ReportResponse(eligibleId=3, Name=Robert, mobileNumber=7856324587, email=Robert34@gmail.com, gender=Male, ssn=98456732)]
2024-04-07 15:02:34 [RMI TCP Connection(65)-127.0.0.1] INFO  : Application shutdown requested.
2024-04-07 15:02:34 [RMI TCP Connection(65)-127.0.0.1] INFO  : Closing JPA EntityManagerFactory for persistence unit 'default'
2024-04-07 15:02:34 [RMI TCP Connection(65)-127.0.0.1] INFO  : HikariPool-1 - Shutdown initiated...
2024-04-07 15:02:35 [RMI TCP Connection(65)-127.0.0.1] INFO  : HikariPool-1 - Shutdown completed.
