2024-10-02 00:08:14 [restartedMain] INFO  : Starting ModuleMini1Application using Java 17.0.10 with PID 24968 (C:\Users\vanap\OneDrive\Desktop\His_Project\HIS-Project\BackEnd\mini-1\target\classes started by vanap in C:\Users\vanap\OneDrive\Desktop\His_Project\HIS-Project\BackEnd\mini-1)
2024-10-02 00:08:14 [restartedMain] INFO  : No active profile set, falling back to 1 default profile: "default"
2024-10-02 00:08:14 [restartedMain] INFO  : Devtools property defaults active! Set 'spring.devtools.add-properties' to 'false' to disable
2024-10-02 00:08:14 [restartedMain] INFO  : For additional web related logging consider setting the 'logging.level.web' property to 'DEBUG'
2024-10-02 00:08:16 [restartedMain] INFO  : Bootstrapping Spring Data JPA repositories in DEFAULT mode.
2024-10-02 00:08:16 [restartedMain] INFO  : Finished Spring Data repository scanning in 138 ms. Found 2 JPA repository interfaces.
2024-10-02 00:08:18 [restartedMain] INFO  : Tomcat initialized with port(s): 8081 (http)
2024-10-02 00:08:18 [restartedMain] INFO  : Initializing ProtocolHandler ["http-nio-8081"]
2024-10-02 00:08:18 [restartedMain] INFO  : Starting service [Tomcat]
2024-10-02 00:08:18 [restartedMain] INFO  : Starting Servlet engine: [Apache Tomcat/10.1.19]
2024-10-02 00:08:19 [restartedMain] INFO  : Initializing Spring embedded WebApplicationContext
2024-10-02 00:08:19 [restartedMain] INFO  : Root WebApplicationContext: initialization completed in 4218 ms
2024-10-02 00:08:19 [restartedMain] INFO  : HikariPool-1 - Starting...
2024-10-02 00:08:19 [restartedMain] INFO  : HikariPool-1 - Added connection com.mysql.cj.jdbc.ConnectionImpl@61798aae
2024-10-02 00:08:19 [restartedMain] INFO  : HikariPool-1 - Start completed.
2024-10-02 00:08:19 [restartedMain] INFO  : H2 console available at '/h2-console'. Database available at 'jdbc:mysql://localhost:3307/testdb'
2024-10-02 00:08:20 [restartedMain] INFO  : HHH000204: Processing PersistenceUnitInfo [name: default]
2024-10-02 00:08:20 [restartedMain] INFO  : HHH000412: Hibernate ORM core version 6.2.22.Final
2024-10-02 00:08:20 [restartedMain] INFO  : HHH000406: Using bytecode reflection optimizer
2024-10-02 00:08:21 [restartedMain] INFO  : No LoadTimeWeaver setup: ignoring JPA class transformer
2024-10-02 00:08:21 [restartedMain] WARN  : HHH90000025: MySQL8Dialect does not need to be specified explicitly using 'hibernate.dialect' (remove the property setting and it will be selected by default)
2024-10-02 00:08:21 [restartedMain] WARN  : HHH90000026: MySQL8Dialect has been deprecated; use org.hibernate.dialect.MySQLDialect instead
2024-10-02 00:08:23 [restartedMain] INFO  : HHH000489: No JTA platform available (set 'hibernate.transaction.jta.platform' to enable JTA platform integration)
2024-10-02 00:08:23 [restartedMain] INFO  : Initialized JPA EntityManagerFactory for persistence unit 'default'
2024-10-02 00:08:24 [restartedMain] WARN  : spring.jpa.open-in-view is enabled by default. Therefore, database queries may be performed during view rendering. Explicitly configure spring.jpa.open-in-view to disable this warning
2024-10-02 00:08:26 [restartedMain] INFO  : LiveReload server is running on port 35729
2024-10-02 00:08:26 [restartedMain] INFO  : Starting ProtocolHandler ["http-nio-8081"]
2024-10-02 00:08:26 [restartedMain] INFO  : Tomcat started on port(s): 8081 (http) with context path ''
2024-10-02 00:08:26 [restartedMain] INFO  : Started ModuleMini1Application in 12.819 seconds (process running for 14.587)
2024-10-02 00:21:19 [http-nio-8081-exec-1] INFO  : Initializing Spring DispatcherServlet 'dispatcherServlet'
2024-10-02 00:21:19 [http-nio-8081-exec-1] INFO  : Initializing Servlet 'dispatcherServlet'
2024-10-02 00:21:19 [http-nio-8081-exec-1] INFO  : Completed initialization in 0 ms
2024-10-02 00:21:21 [http-nio-8081-exec-9] INFO  : Init duration for springdoc-openapi is: 574 ms
2024-10-02 00:22:24 [http-nio-8081-exec-5] INFO  : Method invoked: class com.mini1.service.PlanServicesImpl:getAllPlans() Arguments: []
2024-10-02 00:22:24 [http-nio-8081-exec-4] INFO  : Method invoked: class com.mini1.service.PlanServicesImpl:getAllCategorys() Arguments: []
2024-10-02 00:22:25 [http-nio-8081-exec-4] INFO  : class com.mini1.service.PlanServicesImpl : getAllCategorys() Response: []
2024-10-02 00:22:25 [http-nio-8081-exec-5] INFO  : class com.mini1.service.PlanServicesImpl : getAllPlans() Response: []
2024-10-02 00:22:28 [http-nio-8081-exec-6] INFO  : Method invoked: class com.mini1.service.PlanServicesImpl:getAllCategorys() Arguments: []
2024-10-02 00:22:28 [http-nio-8081-exec-6] INFO  : class com.mini1.service.PlanServicesImpl : getAllCategorys() Response: []
2024-10-02 00:24:15 [http-nio-8081-exec-9] INFO  : Method invoked: class com.mini1.service.PlanServicesImpl:getAllCategorys() Arguments: []
2024-10-02 00:24:15 [http-nio-8081-exec-9] INFO  : class com.mini1.service.PlanServicesImpl : getAllCategorys() Response: []
2024-10-02 00:24:29 [http-nio-8081-exec-3] INFO  : Method invoked: class com.mini1.service.PlanServicesImpl:getAllCategorys() Arguments: []
2024-10-02 00:24:29 [http-nio-8081-exec-3] INFO  : class com.mini1.service.PlanServicesImpl : getAllCategorys() Response: []
2024-10-02 00:24:32 [http-nio-8081-exec-10] INFO  : Method invoked: class com.mini1.service.PlanServicesImpl:getAllCategorys() Arguments: []
2024-10-02 00:24:32 [http-nio-8081-exec-10] INFO  : class com.mini1.service.PlanServicesImpl : getAllCategorys() Response: []
2024-10-02 00:28:35 [http-nio-8081-exec-4] INFO  : Method invoked: class com.mini1.service.PlanServicesImpl:getAllCategorys() Arguments: []
2024-10-02 00:28:35 [http-nio-8081-exec-4] INFO  : class com.mini1.service.PlanServicesImpl : getAllCategorys() Response: [Category(categoryId=1, categoryName=FOOD, activeSwitch=null, createdDate=null, updatedDate=null, createdBy=null, updatedBy=null), Category(categoryId=2, categoryName=CCNA, activeSwitch=null, createdDate=null, updatedDate=null, createdBy=null, updatedBy=null), Category(categoryId=3, categoryName=Unemployment, activeSwitch=null, createdDate=null, updatedDate=null, createdBy=null, updatedBy=null), Category(categoryId=4, categoryName=SNAP, activeSwitch=null, createdDate=null, updatedDate=null, createdBy=null, updatedBy=null), Category(categoryId=3564, categoryName=Category_46, activeSwitch=N, createdDate=2024-10-02, updatedDate=2024-10-02, createdBy=User, updatedBy=User), Category(categoryId=3750, categoryName=Category_82, activeSwitch=Y, createdDate=2024-10-02, updatedDate=2024-10-02, createdBy=User, updatedBy=User)]
2024-10-02 00:28:50 [http-nio-8081-exec-5] INFO  : Method invoked: class com.mini1.service.PlanServicesImpl:getAllCategorys() Arguments: []
2024-10-02 00:28:50 [http-nio-8081-exec-5] INFO  : class com.mini1.service.PlanServicesImpl : getAllCategorys() Response: [Category(categoryId=1, categoryName=FOOD, activeSwitch=null, createdDate=null, updatedDate=null, createdBy=null, updatedBy=null), Category(categoryId=2, categoryName=CCNA, activeSwitch=null, createdDate=null, updatedDate=null, createdBy=null, updatedBy=null), Category(categoryId=3, categoryName=Unemployment, activeSwitch=null, createdDate=null, updatedDate=null, createdBy=null, updatedBy=null), Category(categoryId=4, categoryName=SNAP, activeSwitch=null, createdDate=null, updatedDate=null, createdBy=null, updatedBy=null), Category(categoryId=3564, categoryName=Category_46, activeSwitch=N, createdDate=2024-10-02, updatedDate=2024-10-02, createdBy=User, updatedBy=User), Category(categoryId=3750, categoryName=Category_82, activeSwitch=Y, createdDate=2024-10-02, updatedDate=2024-10-02, createdBy=User, updatedBy=User)]
2024-10-02 00:29:13 [http-nio-8081-exec-8] INFO  : Method invoked: class com.mini1.service.PlanServicesImpl:savePlan() Arguments: [Plan(planId=null, planName=PLAN1, planStartDate=2024-10-22, planEndDate=2024-10-05, categoryId=3, activeSwitch=null, createdDate=null, updatedDate=null, createdBy=null, updateBy=null)]
2024-10-02 00:29:13 [http-nio-8081-exec-8] INFO  : class com.mini1.service.PlanServicesImpl : savePlan() Response: true
2024-10-02 00:29:13 [http-nio-8081-exec-9] INFO  : Method invoked: class com.mini1.service.PlanServicesImpl:getAllCategorys() Arguments: []
2024-10-02 00:29:13 [http-nio-8081-exec-7] INFO  : Method invoked: class com.mini1.service.PlanServicesImpl:getAllPlans() Arguments: []
2024-10-02 00:29:13 [http-nio-8081-exec-7] INFO  : class com.mini1.service.PlanServicesImpl : getAllPlans() Response: [Plan(planId=1, planName=PLAN1, planStartDate=2024-10-22, planEndDate=2024-10-05, categoryId=3, activeSwitch=null, createdDate=2024-10-02, updatedDate=null, createdBy=null, updateBy=null)]
2024-10-02 00:29:13 [http-nio-8081-exec-9] INFO  : class com.mini1.service.PlanServicesImpl : getAllCategorys() Response: [Category(categoryId=1, categoryName=FOOD, activeSwitch=null, createdDate=null, updatedDate=null, createdBy=null, updatedBy=null), Category(categoryId=2, categoryName=CCNA, activeSwitch=null, createdDate=null, updatedDate=null, createdBy=null, updatedBy=null), Category(categoryId=3, categoryName=Unemployment, activeSwitch=null, createdDate=null, updatedDate=null, createdBy=null, updatedBy=null), Category(categoryId=4, categoryName=SNAP, activeSwitch=null, createdDate=null, updatedDate=null, createdBy=null, updatedBy=null), Category(categoryId=3564, categoryName=Category_46, activeSwitch=N, createdDate=2024-10-02, updatedDate=2024-10-02, createdBy=User, updatedBy=User), Category(categoryId=3750, categoryName=Category_82, activeSwitch=Y, createdDate=2024-10-02, updatedDate=2024-10-02, createdBy=User, updatedBy=User)]
2024-10-02 00:29:26 [http-nio-8081-exec-10] INFO  : Method invoked: class com.mini1.service.PlanServicesImpl:getAllCategorys() Arguments: []
2024-10-02 00:29:26 [http-nio-8081-exec-3] INFO  : Method invoked: class com.mini1.service.PlanServicesImpl:getPlanById() Arguments: [1]
2024-10-02 00:29:26 [http-nio-8081-exec-10] INFO  : class com.mini1.service.PlanServicesImpl : getAllCategorys() Response: [Category(categoryId=1, categoryName=FOOD, activeSwitch=null, createdDate=null, updatedDate=null, createdBy=null, updatedBy=null), Category(categoryId=2, categoryName=CCNA, activeSwitch=null, createdDate=null, updatedDate=null, createdBy=null, updatedBy=null), Category(categoryId=3, categoryName=Unemployment, activeSwitch=null, createdDate=null, updatedDate=null, createdBy=null, updatedBy=null), Category(categoryId=4, categoryName=SNAP, activeSwitch=null, createdDate=null, updatedDate=null, createdBy=null, updatedBy=null), Category(categoryId=3564, categoryName=Category_46, activeSwitch=N, createdDate=2024-10-02, updatedDate=2024-10-02, createdBy=User, updatedBy=User), Category(categoryId=3750, categoryName=Category_82, activeSwitch=Y, createdDate=2024-10-02, updatedDate=2024-10-02, createdBy=User, updatedBy=User)]
2024-10-02 00:29:26 [http-nio-8081-exec-3] INFO  : class com.mini1.service.PlanServicesImpl : getPlanById() Response: Plan(planId=1, planName=PLAN1, planStartDate=2024-10-22, planEndDate=2024-10-05, categoryId=3, activeSwitch=null, createdDate=2024-10-02, updatedDate=null, createdBy=null, updateBy=null)
2024-10-02 00:29:32 [http-nio-8081-exec-2] INFO  : Method invoked: class com.mini1.service.PlanServicesImpl:updatePlan() Arguments: [Plan(planId=1, planName=PLAN1, planStartDate=2024-10-22, planEndDate=2024-10-05, categoryId=1, activeSwitch=null, createdDate=2024-10-02, updatedDate=null, createdBy=null, updateBy=null), 1]
2024-10-02 00:29:32 [http-nio-8081-exec-2] INFO  : class com.mini1.service.PlanServicesImpl : updatePlan() Response: true
2024-10-02 00:29:32 [http-nio-8081-exec-4] INFO  : Method invoked: class com.mini1.service.PlanServicesImpl:getAllPlans() Arguments: []
2024-10-02 00:29:32 [http-nio-8081-exec-5] INFO  : Method invoked: class com.mini1.service.PlanServicesImpl:getAllCategorys() Arguments: []
2024-10-02 00:29:32 [http-nio-8081-exec-4] INFO  : class com.mini1.service.PlanServicesImpl : getAllPlans() Response: [Plan(planId=1, planName=PLAN1, planStartDate=2024-10-22, planEndDate=2024-10-05, categoryId=1, activeSwitch=null, createdDate=2024-10-02, updatedDate=2024-10-02, createdBy=null, updateBy=null)]
2024-10-02 00:29:32 [http-nio-8081-exec-5] INFO  : class com.mini1.service.PlanServicesImpl : getAllCategorys() Response: [Category(categoryId=1, categoryName=FOOD, activeSwitch=null, createdDate=null, updatedDate=null, createdBy=null, updatedBy=null), Category(categoryId=2, categoryName=CCNA, activeSwitch=null, createdDate=null, updatedDate=null, createdBy=null, updatedBy=null), Category(categoryId=3, categoryName=Unemployment, activeSwitch=null, createdDate=null, updatedDate=null, createdBy=null, updatedBy=null), Category(categoryId=4, categoryName=SNAP, activeSwitch=null, createdDate=null, updatedDate=null, createdBy=null, updatedBy=null), Category(categoryId=3564, categoryName=Category_46, activeSwitch=N, createdDate=2024-10-02, updatedDate=2024-10-02, createdBy=User, updatedBy=User), Category(categoryId=3750, categoryName=Category_82, activeSwitch=Y, createdDate=2024-10-02, updatedDate=2024-10-02, createdBy=User, updatedBy=User)]
2024-10-02 00:29:40 [http-nio-8081-exec-7] INFO  : Method invoked: class com.mini1.service.PlanServicesImpl:planStatusChange() Arguments: [1, Y]
2024-10-02 00:29:40 [http-nio-8081-exec-7] INFO  : class com.mini1.service.PlanServicesImpl : planStatusChange() Response: true
2024-10-02 00:29:40 [http-nio-8081-exec-9] INFO  : Method invoked: class com.mini1.service.PlanServicesImpl:getAllPlans() Arguments: []
2024-10-02 00:29:40 [http-nio-8081-exec-10] INFO  : Method invoked: class com.mini1.service.PlanServicesImpl:getAllCategorys() Arguments: []
2024-10-02 00:29:40 [http-nio-8081-exec-9] INFO  : class com.mini1.service.PlanServicesImpl : getAllPlans() Response: [Plan(planId=1, planName=PLAN1, planStartDate=2024-10-22, planEndDate=2024-10-05, categoryId=1, activeSwitch=Y, createdDate=2024-10-02, updatedDate=2024-10-02, createdBy=null, updateBy=null)]
2024-10-02 00:29:40 [http-nio-8081-exec-10] INFO  : class com.mini1.service.PlanServicesImpl : getAllCategorys() Response: [Category(categoryId=1, categoryName=FOOD, activeSwitch=null, createdDate=null, updatedDate=null, createdBy=null, updatedBy=null), Category(categoryId=2, categoryName=CCNA, activeSwitch=null, createdDate=null, updatedDate=null, createdBy=null, updatedBy=null), Category(categoryId=3, categoryName=Unemployment, activeSwitch=null, createdDate=null, updatedDate=null, createdBy=null, updatedBy=null), Category(categoryId=4, categoryName=SNAP, activeSwitch=null, createdDate=null, updatedDate=null, createdBy=null, updatedBy=null), Category(categoryId=3564, categoryName=Category_46, activeSwitch=N, createdDate=2024-10-02, updatedDate=2024-10-02, createdBy=User, updatedBy=User), Category(categoryId=3750, categoryName=Category_82, activeSwitch=Y, createdDate=2024-10-02, updatedDate=2024-10-02, createdBy=User, updatedBy=User)]
2024-10-02 00:29:42 [http-nio-8081-exec-1] INFO  : Method invoked: class com.mini1.service.PlanServicesImpl:planStatusChange() Arguments: [1, N]
2024-10-02 00:29:42 [http-nio-8081-exec-1] INFO  : class com.mini1.service.PlanServicesImpl : planStatusChange() Response: true
2024-10-02 00:29:42 [http-nio-8081-exec-4] INFO  : Method invoked: class com.mini1.service.PlanServicesImpl:getAllCategorys() Arguments: []
2024-10-02 00:29:42 [http-nio-8081-exec-2] INFO  : Method invoked: class com.mini1.service.PlanServicesImpl:getAllPlans() Arguments: []
2024-10-02 00:29:42 [http-nio-8081-exec-2] INFO  : class com.mini1.service.PlanServicesImpl : getAllPlans() Response: [Plan(planId=1, planName=PLAN1, planStartDate=2024-10-22, planEndDate=2024-10-05, categoryId=1, activeSwitch=N, createdDate=2024-10-02, updatedDate=2024-10-02, createdBy=null, updateBy=null)]
2024-10-02 00:29:42 [http-nio-8081-exec-4] INFO  : class com.mini1.service.PlanServicesImpl : getAllCategorys() Response: [Category(categoryId=1, categoryName=FOOD, activeSwitch=null, createdDate=null, updatedDate=null, createdBy=null, updatedBy=null), Category(categoryId=2, categoryName=CCNA, activeSwitch=null, createdDate=null, updatedDate=null, createdBy=null, updatedBy=null), Category(categoryId=3, categoryName=Unemployment, activeSwitch=null, createdDate=null, updatedDate=null, createdBy=null, updatedBy=null), Category(categoryId=4, categoryName=SNAP, activeSwitch=null, createdDate=null, updatedDate=null, createdBy=null, updatedBy=null), Category(categoryId=3564, categoryName=Category_46, activeSwitch=N, createdDate=2024-10-02, updatedDate=2024-10-02, createdBy=User, updatedBy=User), Category(categoryId=3750, categoryName=Category_82, activeSwitch=Y, createdDate=2024-10-02, updatedDate=2024-10-02, createdBy=User, updatedBy=User)]
2024-10-02 00:29:48 [http-nio-8081-exec-6] INFO  : Method invoked: class com.mini1.service.PlanServicesImpl:deletePlanById() Arguments: [1]
2024-10-02 00:29:48 [http-nio-8081-exec-6] INFO  : class com.mini1.service.PlanServicesImpl : deletePlanById() Response: true
2024-10-02 00:29:48 [http-nio-8081-exec-8] INFO  : Method invoked: class com.mini1.service.PlanServicesImpl:getAllPlans() Arguments: []
2024-10-02 00:29:48 [http-nio-8081-exec-7] INFO  : Method invoked: class com.mini1.service.PlanServicesImpl:getAllCategorys() Arguments: []
2024-10-02 00:29:48 [http-nio-8081-exec-8] INFO  : class com.mini1.service.PlanServicesImpl : getAllPlans() Response: []
2024-10-02 00:29:48 [http-nio-8081-exec-7] INFO  : class com.mini1.service.PlanServicesImpl : getAllCategorys() Response: [Category(categoryId=1, categoryName=FOOD, activeSwitch=null, createdDate=null, updatedDate=null, createdBy=null, updatedBy=null), Category(categoryId=2, categoryName=CCNA, activeSwitch=null, createdDate=null, updatedDate=null, createdBy=null, updatedBy=null), Category(categoryId=3, categoryName=Unemployment, activeSwitch=null, createdDate=null, updatedDate=null, createdBy=null, updatedBy=null), Category(categoryId=4, categoryName=SNAP, activeSwitch=null, createdDate=null, updatedDate=null, createdBy=null, updatedBy=null), Category(categoryId=3564, categoryName=Category_46, activeSwitch=N, createdDate=2024-10-02, updatedDate=2024-10-02, createdBy=User, updatedBy=User), Category(categoryId=3750, categoryName=Category_82, activeSwitch=Y, createdDate=2024-10-02, updatedDate=2024-10-02, createdBy=User, updatedBy=User)]
2024-10-02 01:31:06 [File Watcher] INFO  : Restarting due to 20 class path changes (0 additions, 20 deletions, 0 modifications)
2024-10-02 01:31:06 [Thread-5] INFO  : Pausing ProtocolHandler ["http-nio-8081"]
2024-10-02 01:31:06 [Thread-5] INFO  : Stopping service [Tomcat]
2024-10-02 01:31:06 [Thread-5] INFO  : Destroying Spring FrameworkServlet 'dispatcherServlet'
2024-10-02 01:31:06 [Thread-5] INFO  : Stopping ProtocolHandler ["http-nio-8081"]
2024-10-02 01:31:06 [Thread-5] INFO  : Destroying ProtocolHandler ["http-nio-8081"]
2024-10-02 01:31:07 [Thread-5] INFO  : Closing JPA EntityManagerFactory for persistence unit 'default'
2024-10-02 01:31:07 [Thread-5] INFO  : HikariPool-1 - Shutdown initiated...
2024-10-02 01:31:07 [Thread-5] INFO  : HikariPool-1 - Shutdown completed.
2024-10-02 01:31:26 [restartedMain] INFO  : Starting ModuleMini1Application using Java 17.0.10 with PID 24968 (C:\Users\vanap\OneDrive\Desktop\His_Project\HIS-Project\BackEnd\mini-1\target\classes started by vanap in C:\Users\vanap\OneDrive\Desktop\His_Project\HIS-Project\BackEnd\mini-1)
2024-10-02 01:31:26 [restartedMain] INFO  : No active profile set, falling back to 1 default profile: "default"
2024-10-02 01:31:28 [restartedMain] INFO  : Bootstrapping Spring Data JPA repositories in DEFAULT mode.
2024-10-02 01:31:28 [restartedMain] INFO  : Finished Spring Data repository scanning in 103 ms. Found 2 JPA repository interfaces.
2024-10-02 01:31:28 [restartedMain] INFO  : Tomcat initialized with port(s): 8081 (http)
2024-10-02 01:31:28 [restartedMain] INFO  : Initializing ProtocolHandler ["http-nio-8081"]
2024-10-02 01:31:28 [restartedMain] INFO  : Starting service [Tomcat]
2024-10-02 01:31:28 [restartedMain] INFO  : Starting Servlet engine: [Apache Tomcat/10.1.19]
2024-10-02 01:31:28 [restartedMain] INFO  : Initializing Spring embedded WebApplicationContext
2024-10-02 01:31:28 [restartedMain] INFO  : Root WebApplicationContext: initialization completed in 2350 ms
2024-10-02 01:31:28 [restartedMain] INFO  : HikariPool-2 - Starting...
2024-10-02 01:31:29 [restartedMain] INFO  : HikariPool-2 - Added connection com.mysql.cj.jdbc.ConnectionImpl@3516ca98
2024-10-02 01:31:29 [restartedMain] INFO  : HikariPool-2 - Start completed.
2024-10-02 01:31:29 [restartedMain] INFO  : H2 console available at '/h2-console'. Database available at 'jdbc:mysql://localhost:3307/testdb'
2024-10-02 01:31:29 [restartedMain] INFO  : HHH000204: Processing PersistenceUnitInfo [name: default]
2024-10-02 01:31:29 [restartedMain] INFO  : No LoadTimeWeaver setup: ignoring JPA class transformer
2024-10-02 01:31:29 [restartedMain] WARN  : HHH90000025: MySQL8Dialect does not need to be specified explicitly using 'hibernate.dialect' (remove the property setting and it will be selected by default)
2024-10-02 01:31:29 [restartedMain] WARN  : HHH90000026: MySQL8Dialect has been deprecated; use org.hibernate.dialect.MySQLDialect instead
2024-10-02 01:31:29 [restartedMain] INFO  : HHH000489: No JTA platform available (set 'hibernate.transaction.jta.platform' to enable JTA platform integration)
2024-10-02 01:31:29 [restartedMain] INFO  : Initialized JPA EntityManagerFactory for persistence unit 'default'
2024-10-02 01:31:30 [restartedMain] WARN  : spring.jpa.open-in-view is enabled by default. Therefore, database queries may be performed during view rendering. Explicitly configure spring.jpa.open-in-view to disable this warning
2024-10-02 01:31:31 [restartedMain] INFO  : LiveReload server is running on port 35729
2024-10-02 01:31:31 [restartedMain] INFO  : Starting ProtocolHandler ["http-nio-8081"]
2024-10-02 01:31:31 [restartedMain] INFO  : Tomcat started on port(s): 8081 (http) with context path ''
2024-10-02 01:31:31 [restartedMain] INFO  : Started ModuleMini1Application in 4.724 seconds (process running for 4999.503)
2024-10-02 01:31:31 [restartedMain] INFO  : Condition evaluation unchanged
2024-10-02 01:32:18 [http-nio-8081-exec-1] INFO  : Initializing Spring DispatcherServlet 'dispatcherServlet'
2024-10-02 01:32:18 [http-nio-8081-exec-1] INFO  : Initializing Servlet 'dispatcherServlet'
2024-10-02 01:32:18 [http-nio-8081-exec-1] INFO  : Completed initialization in 4 ms
2024-10-02 01:32:18 [http-nio-8081-exec-1] INFO  : Method invoked: class com.mini1.service.PlanServicesImpl:getAllCategorys() Arguments: []
2024-10-02 01:32:18 [http-nio-8081-exec-1] INFO  : class com.mini1.service.PlanServicesImpl : getAllCategorys() Response: [Category(categoryId=1, categoryName=FOOD, activeSwitch=null, createdDate=null, updatedDate=null, createdBy=null, updatedBy=null), Category(categoryId=2, categoryName=CCNA, activeSwitch=null, createdDate=null, updatedDate=null, createdBy=null, updatedBy=null), Category(categoryId=3, categoryName=Unemployment, activeSwitch=null, createdDate=null, updatedDate=null, createdBy=null, updatedBy=null), Category(categoryId=4, categoryName=SNAP, activeSwitch=null, createdDate=null, updatedDate=null, createdBy=null, updatedBy=null), Category(categoryId=3564, categoryName=Category_46, activeSwitch=N, createdDate=2024-10-02, updatedDate=2024-10-02, createdBy=User, updatedBy=User), Category(categoryId=3750, categoryName=Category_82, activeSwitch=Y, createdDate=2024-10-02, updatedDate=2024-10-02, createdBy=User, updatedBy=User)]
2024-10-02 01:32:27 [http-nio-8081-exec-2] INFO  : Method invoked: class com.mini1.service.PlanServicesImpl:getAllCategorys() Arguments: []
2024-10-02 01:32:27 [http-nio-8081-exec-2] INFO  : class com.mini1.service.PlanServicesImpl : getAllCategorys() Response: [Category(categoryId=1, categoryName=FOOD, activeSwitch=null, createdDate=null, updatedDate=null, createdBy=null, updatedBy=null), Category(categoryId=2, categoryName=CCNA, activeSwitch=null, createdDate=null, updatedDate=null, createdBy=null, updatedBy=null), Category(categoryId=3, categoryName=Unemployment, activeSwitch=null, createdDate=null, updatedDate=null, createdBy=null, updatedBy=null), Category(categoryId=4, categoryName=SNAP, activeSwitch=null, createdDate=null, updatedDate=null, createdBy=null, updatedBy=null), Category(categoryId=3564, categoryName=Category_46, activeSwitch=N, createdDate=2024-10-02, updatedDate=2024-10-02, createdBy=User, updatedBy=User), Category(categoryId=3750, categoryName=Category_82, activeSwitch=Y, createdDate=2024-10-02, updatedDate=2024-10-02, createdBy=User, updatedBy=User)]
2024-10-02 02:20:57 [RMI TCP Connection(146)-127.0.0.1] INFO  : Application shutdown requested.
2024-10-02 02:20:57 [RMI TCP Connection(146)-127.0.0.1] INFO  : Pausing ProtocolHandler ["http-nio-8081"]
2024-10-02 02:20:57 [RMI TCP Connection(146)-127.0.0.1] INFO  : Stopping service [Tomcat]
2024-10-02 02:20:57 [RMI TCP Connection(146)-127.0.0.1] INFO  : Destroying Spring FrameworkServlet 'dispatcherServlet'
2024-10-02 02:20:58 [RMI TCP Connection(146)-127.0.0.1] INFO  : Stopping ProtocolHandler ["http-nio-8081"]
2024-10-02 02:20:58 [RMI TCP Connection(146)-127.0.0.1] INFO  : Destroying ProtocolHandler ["http-nio-8081"]
2024-10-02 02:20:58 [RMI TCP Connection(146)-127.0.0.1] INFO  : Closing JPA EntityManagerFactory for persistence unit 'default'
2024-10-02 02:20:58 [RMI TCP Connection(146)-127.0.0.1] INFO  : HikariPool-2 - Shutdown initiated...
2024-10-02 02:20:58 [RMI TCP Connection(146)-127.0.0.1] INFO  : HikariPool-2 - Shutdown completed.
2024-10-02 11:45:45 [restartedMain] INFO  : Starting ModuleMini1Application using Java 17.0.10 with PID 29340 (C:\Users\vanap\OneDrive\Desktop\His_Project\HIS-Project\BackEnd\mini-1\target\classes started by vanap in C:\Users\vanap\OneDrive\Desktop\His_Project\HIS-Project\BackEnd\mini-1)
2024-10-02 11:45:45 [restartedMain] INFO  : No active profile set, falling back to 1 default profile: "default"
2024-10-02 11:45:45 [restartedMain] INFO  : Devtools property defaults active! Set 'spring.devtools.add-properties' to 'false' to disable
2024-10-02 11:45:45 [restartedMain] INFO  : For additional web related logging consider setting the 'logging.level.web' property to 'DEBUG'
2024-10-02 11:45:47 [restartedMain] INFO  : Bootstrapping Spring Data JPA repositories in DEFAULT mode.
2024-10-02 11:45:47 [restartedMain] INFO  : Finished Spring Data repository scanning in 162 ms. Found 2 JPA repository interfaces.
2024-10-02 11:45:49 [restartedMain] INFO  : Tomcat initialized with port(s): 8081 (http)
2024-10-02 11:45:50 [restartedMain] INFO  : Initializing ProtocolHandler ["http-nio-8081"]
2024-10-02 11:45:50 [restartedMain] INFO  : Starting service [Tomcat]
2024-10-02 11:45:50 [restartedMain] INFO  : Starting Servlet engine: [Apache Tomcat/10.1.19]
2024-10-02 11:45:50 [restartedMain] INFO  : Initializing Spring embedded WebApplicationContext
2024-10-02 11:45:50 [restartedMain] INFO  : Root WebApplicationContext: initialization completed in 4854 ms
2024-10-02 11:45:50 [restartedMain] INFO  : HikariPool-1 - Starting...
2024-10-02 11:45:51 [restartedMain] INFO  : HikariPool-1 - Added connection com.mysql.cj.jdbc.ConnectionImpl@3fa85511
2024-10-02 11:45:51 [restartedMain] INFO  : HikariPool-1 - Start completed.
2024-10-02 11:45:51 [restartedMain] INFO  : H2 console available at '/h2-console'. Database available at 'jdbc:mysql://localhost:3307/testdb'
2024-10-02 11:45:51 [restartedMain] INFO  : HHH000204: Processing PersistenceUnitInfo [name: default]
2024-10-02 11:45:51 [restartedMain] INFO  : HHH000412: Hibernate ORM core version 6.2.22.Final
2024-10-02 11:45:51 [restartedMain] INFO  : HHH000406: Using bytecode reflection optimizer
2024-10-02 11:45:52 [restartedMain] INFO  : No LoadTimeWeaver setup: ignoring JPA class transformer
2024-10-02 11:45:52 [restartedMain] WARN  : HHH90000025: MySQL8Dialect does not need to be specified explicitly using 'hibernate.dialect' (remove the property setting and it will be selected by default)
2024-10-02 11:45:52 [restartedMain] WARN  : HHH90000026: MySQL8Dialect has been deprecated; use org.hibernate.dialect.MySQLDialect instead
2024-10-02 11:45:55 [restartedMain] INFO  : HHH000489: No JTA platform available (set 'hibernate.transaction.jta.platform' to enable JTA platform integration)
2024-10-02 11:45:55 [restartedMain] INFO  : Initialized JPA EntityManagerFactory for persistence unit 'default'
2024-10-02 11:45:56 [restartedMain] WARN  : spring.jpa.open-in-view is enabled by default. Therefore, database queries may be performed during view rendering. Explicitly configure spring.jpa.open-in-view to disable this warning
2024-10-02 11:45:58 [restartedMain] WARN  : Unable to start LiveReload server
2024-10-02 11:45:58 [restartedMain] INFO  : Starting ProtocolHandler ["http-nio-8081"]
2024-10-02 11:45:58 [restartedMain] INFO  : Tomcat started on port(s): 8081 (http) with context path ''
2024-10-02 11:45:58 [restartedMain] INFO  : Started ModuleMini1Application in 14.977 seconds (process running for 17.572)
2024-10-02 11:47:05 [RMI TCP Connection(11)-127.0.0.1] INFO  : Application shutdown requested.
2024-10-02 11:47:05 [RMI TCP Connection(11)-127.0.0.1] INFO  : Pausing ProtocolHandler ["http-nio-8081"]
2024-10-02 11:47:05 [RMI TCP Connection(11)-127.0.0.1] INFO  : Stopping service [Tomcat]
2024-10-02 11:47:05 [RMI TCP Connection(11)-127.0.0.1] INFO  : Stopping ProtocolHandler ["http-nio-8081"]
2024-10-02 11:47:05 [RMI TCP Connection(11)-127.0.0.1] INFO  : Closing JPA EntityManagerFactory for persistence unit 'default'
2024-10-02 11:47:05 [RMI TCP Connection(11)-127.0.0.1] INFO  : HikariPool-1 - Shutdown initiated...
2024-10-02 11:47:05 [RMI TCP Connection(11)-127.0.0.1] INFO  : HikariPool-1 - Shutdown completed.
2024-10-02 11:48:37 [restartedMain] INFO  : Starting ModuleMini1Application using Java 17.0.10 with PID 18256 (C:\Users\vanap\OneDrive\Desktop\His_Project\HIS-Project\BackEnd\mini-1\target\classes started by vanap in C:\Users\vanap\OneDrive\Desktop\His_Project\HIS-Project\BackEnd\mini-1)
2024-10-02 11:48:37 [restartedMain] INFO  : No active profile set, falling back to 1 default profile: "default"
2024-10-02 11:48:37 [restartedMain] INFO  : Devtools property defaults active! Set 'spring.devtools.add-properties' to 'false' to disable
2024-10-02 11:48:37 [restartedMain] INFO  : For additional web related logging consider setting the 'logging.level.web' property to 'DEBUG'
2024-10-02 11:48:39 [restartedMain] INFO  : Bootstrapping Spring Data JPA repositories in DEFAULT mode.
2024-10-02 11:48:40 [restartedMain] INFO  : Finished Spring Data repository scanning in 152 ms. Found 2 JPA repository interfaces.
2024-10-02 11:48:42 [restartedMain] INFO  : Tomcat initialized with port(s): 8081 (http)
2024-10-02 11:48:42 [restartedMain] INFO  : Initializing ProtocolHandler ["http-nio-8081"]
2024-10-02 11:48:42 [restartedMain] INFO  : Starting service [Tomcat]
2024-10-02 11:48:42 [restartedMain] INFO  : Starting Servlet engine: [Apache Tomcat/10.1.19]
2024-10-02 11:48:42 [restartedMain] INFO  : Initializing Spring embedded WebApplicationContext
2024-10-02 11:48:42 [restartedMain] INFO  : Root WebApplicationContext: initialization completed in 4400 ms
2024-10-02 11:48:42 [restartedMain] INFO  : HikariPool-1 - Starting...
2024-10-02 11:48:43 [restartedMain] INFO  : HikariPool-1 - Added connection com.mysql.cj.jdbc.ConnectionImpl@33472684
2024-10-02 11:48:43 [restartedMain] INFO  : HikariPool-1 - Start completed.
2024-10-02 11:48:43 [restartedMain] INFO  : H2 console available at '/h2-console'. Database available at 'jdbc:mysql://localhost:3307/testdb'
2024-10-02 11:48:43 [restartedMain] INFO  : HHH000204: Processing PersistenceUnitInfo [name: default]
2024-10-02 11:48:43 [restartedMain] INFO  : HHH000412: Hibernate ORM core version 6.2.22.Final
2024-10-02 11:48:43 [restartedMain] INFO  : HHH000406: Using bytecode reflection optimizer
2024-10-02 11:48:44 [restartedMain] INFO  : No LoadTimeWeaver setup: ignoring JPA class transformer
2024-10-02 11:48:44 [restartedMain] WARN  : HHH90000025: MySQL8Dialect does not need to be specified explicitly using 'hibernate.dialect' (remove the property setting and it will be selected by default)
2024-10-02 11:48:44 [restartedMain] WARN  : HHH90000026: MySQL8Dialect has been deprecated; use org.hibernate.dialect.MySQLDialect instead
2024-10-02 11:48:46 [restartedMain] INFO  : HHH000489: No JTA platform available (set 'hibernate.transaction.jta.platform' to enable JTA platform integration)
2024-10-02 11:48:46 [restartedMain] INFO  : Initialized JPA EntityManagerFactory for persistence unit 'default'
2024-10-02 11:48:47 [restartedMain] WARN  : spring.jpa.open-in-view is enabled by default. Therefore, database queries may be performed during view rendering. Explicitly configure spring.jpa.open-in-view to disable this warning
2024-10-02 11:48:49 [restartedMain] INFO  : LiveReload server is running on port 35729
2024-10-02 11:48:49 [restartedMain] INFO  : Starting ProtocolHandler ["http-nio-8081"]
2024-10-02 11:48:49 [restartedMain] INFO  : Tomcat started on port(s): 8081 (http) with context path ''
2024-10-02 11:48:49 [restartedMain] INFO  : Started ModuleMini1Application in 13.169 seconds (process running for 15.161)
2024-10-02 11:55:25 [http-nio-8081-exec-1] INFO  : Initializing Spring DispatcherServlet 'dispatcherServlet'
2024-10-02 11:55:25 [http-nio-8081-exec-1] INFO  : Initializing Servlet 'dispatcherServlet'
2024-10-02 11:55:25 [http-nio-8081-exec-1] INFO  : Completed initialization in 14 ms
2024-10-02 11:55:25 [http-nio-8081-exec-1] INFO  : Method invoked: class com.mini1.service.PlanServicesImpl:getAllCategorys() Arguments: []
2024-10-02 11:55:26 [http-nio-8081-exec-1] INFO  : class com.mini1.service.PlanServicesImpl : getAllCategorys() Response: [Category(categoryId=1, categoryName=Basic Health Plan, activeSwitch=Y, createdDate=2024-10-02, updatedDate=2024-10-02, createdBy=admin, updatedBy=admin), Category(categoryId=2, categoryName=Premium Health Plan, activeSwitch=Y, createdDate=2024-10-02, updatedDate=2024-10-02, createdBy=admin, updatedBy=admin), Category(categoryId=3, categoryName=Family Health Plan, activeSwitch=N, createdDate=2024-10-02, updatedDate=2024-10-02, createdBy=admin, updatedBy=admin), Category(categoryId=4, categoryName=Senior Citizen Plan, activeSwitch=Y, createdDate=2024-10-02, updatedDate=2024-10-02, createdBy=admin, updatedBy=admin), Category(categoryId=5, categoryName=Student Health Plan, activeSwitch=Y, createdDate=2024-10-02, updatedDate=2024-10-02, createdBy=admin, updatedBy=admin)]
2024-10-02 12:03:05 [http-nio-8081-exec-2] INFO  : Method invoked: class com.mini1.service.PlanServicesImpl:getAllCategorys() Arguments: []
2024-10-02 12:03:05 [http-nio-8081-exec-2] INFO  : class com.mini1.service.PlanServicesImpl : getAllCategorys() Response: [Category(categoryId=1, categoryName=SNAP (Supplemental Nutrition Assistance Program), activeSwitch=Y, createdDate=2024-10-02, updatedDate=2024-10-02, createdBy=admin, updatedBy=admin), Category(categoryId=2, categoryName=CCAP (Child Care Assistance Program), activeSwitch=Y, createdDate=2024-10-02, updatedDate=2024-10-02, createdBy=admin, updatedBy=admin), Category(categoryId=3, categoryName=Medicaid, activeSwitch=Y, createdDate=2024-10-02, updatedDate=2024-10-02, createdBy=admin, updatedBy=admin), Category(categoryId=4, categoryName=Medicare, activeSwitch=Y, createdDate=2024-10-02, updatedDate=2024-10-02, createdBy=admin, updatedBy=admin), Category(categoryId=5, categoryName=NJW (New Jersey Welfare), activeSwitch=Y, createdDate=2024-10-02, updatedDate=2024-10-02, createdBy=admin, updatedBy=admin)]
2024-10-02 12:05:58 [http-nio-8081-exec-6] INFO  : Method invoked: class com.mini1.service.PlanServicesImpl:savePlan() Arguments: [Plan(planId=null, planName=SNAP, planStartDate=2024-10-02, planEndDate=2024-10-25, categoryId=1, activeSwitch=null, createdDate=null, updatedDate=null, createdBy=null, updateBy=null)]
2024-10-02 12:05:58 [http-nio-8081-exec-6] INFO  : class com.mini1.service.PlanServicesImpl : savePlan() Response: true
2024-10-02 12:05:58 [http-nio-8081-exec-8] INFO  : Method invoked: class com.mini1.service.PlanServicesImpl:getAllCategorys() Arguments: []
2024-10-02 12:05:58 [http-nio-8081-exec-7] INFO  : Method invoked: class com.mini1.service.PlanServicesImpl:getAllPlans() Arguments: []
2024-10-02 12:05:58 [http-nio-8081-exec-7] INFO  : class com.mini1.service.PlanServicesImpl : getAllPlans() Response: [Plan(planId=1, planName=SNAP, planStartDate=2024-10-02, planEndDate=2024-10-25, categoryId=1, activeSwitch=null, createdDate=2024-10-02, updatedDate=null, createdBy=null, updateBy=null)]
2024-10-02 12:05:58 [http-nio-8081-exec-8] INFO  : class com.mini1.service.PlanServicesImpl : getAllCategorys() Response: [Category(categoryId=1, categoryName=SNAP (Supplemental Nutrition Assistance Program), activeSwitch=Y, createdDate=2024-10-02, updatedDate=2024-10-02, createdBy=admin, updatedBy=admin), Category(categoryId=2, categoryName=CCAP (Child Care Assistance Program), activeSwitch=Y, createdDate=2024-10-02, updatedDate=2024-10-02, createdBy=admin, updatedBy=admin), Category(categoryId=3, categoryName=Medicaid, activeSwitch=Y, createdDate=2024-10-02, updatedDate=2024-10-02, createdBy=admin, updatedBy=admin), Category(categoryId=4, categoryName=Medicare, activeSwitch=Y, createdDate=2024-10-02, updatedDate=2024-10-02, createdBy=admin, updatedBy=admin), Category(categoryId=5, categoryName=NJW (New Jersey Welfare), activeSwitch=Y, createdDate=2024-10-02, updatedDate=2024-10-02, createdBy=admin, updatedBy=admin)]
2024-10-02 12:07:11 [http-nio-8081-exec-1] INFO  : Method invoked: class com.mini1.service.PlanServicesImpl:getAllPlans() Arguments: []
2024-10-02 12:07:11 [http-nio-8081-exec-3] INFO  : Method invoked: class com.mini1.service.PlanServicesImpl:getAllCategorys() Arguments: []
2024-10-02 12:07:11 [http-nio-8081-exec-1] INFO  : class com.mini1.service.PlanServicesImpl : getAllPlans() Response: [Plan(planId=1, planName=SNAP, planStartDate=2024-10-02, planEndDate=2024-10-25, categoryId=1, activeSwitch=null, createdDate=2024-10-02, updatedDate=null, createdBy=null, updateBy=null)]
2024-10-02 12:07:11 [http-nio-8081-exec-3] INFO  : class com.mini1.service.PlanServicesImpl : getAllCategorys() Response: [Category(categoryId=1, categoryName=SNAP (Supplemental Nutrition Assistance Program), activeSwitch=Y, createdDate=2024-10-02, updatedDate=2024-10-02, createdBy=admin, updatedBy=admin), Category(categoryId=2, categoryName=CCAP (Child Care Assistance Program), activeSwitch=Y, createdDate=2024-10-02, updatedDate=2024-10-02, createdBy=admin, updatedBy=admin), Category(categoryId=3, categoryName=Medicaid, activeSwitch=Y, createdDate=2024-10-02, updatedDate=2024-10-02, createdBy=admin, updatedBy=admin), Category(categoryId=4, categoryName=Medicare, activeSwitch=Y, createdDate=2024-10-02, updatedDate=2024-10-02, createdBy=admin, updatedBy=admin), Category(categoryId=5, categoryName=NJW (New Jersey Welfare), activeSwitch=Y, createdDate=2024-10-02, updatedDate=2024-10-02, createdBy=admin, updatedBy=admin)]
2024-10-02 13:04:51 [http-nio-8081-exec-2] INFO  : Init duration for springdoc-openapi is: 613 ms
2024-10-02 13:05:05 [http-nio-8081-exec-4] INFO  : Method invoked: class com.mini1.service.PlanServicesImpl:getAllPlans() Arguments: []
2024-10-02 13:05:05 [http-nio-8081-exec-4] INFO  : class com.mini1.service.PlanServicesImpl : getAllPlans() Response: [Plan(planId=1, planName=SNAP, planStartDate=2024-10-02, planEndDate=2024-10-25, categoryId=1, activeSwitch=null, createdDate=2024-10-02, updatedDate=null, createdBy=null, updateBy=null)]
2024-10-02 13:15:02 [http-nio-8081-exec-8] INFO  : Method invoked: class com.mini1.service.PlanServicesImpl:getAllCategorys() Arguments: []
2024-10-02 13:15:02 [http-nio-8081-exec-8] INFO  : class com.mini1.service.PlanServicesImpl : getAllCategorys() Response: [Category(categoryId=1, categoryName=SNAP (Supplemental Nutrition Assistance Program), activeSwitch=Y, createdDate=2024-10-02, updatedDate=2024-10-02, createdBy=admin, updatedBy=admin), Category(categoryId=2, categoryName=CCAP (Child Care Assistance Program), activeSwitch=Y, createdDate=2024-10-02, updatedDate=2024-10-02, createdBy=admin, updatedBy=admin), Category(categoryId=3, categoryName=Medicaid, activeSwitch=Y, createdDate=2024-10-02, updatedDate=2024-10-02, createdBy=admin, updatedBy=admin), Category(categoryId=4, categoryName=Medicare, activeSwitch=Y, createdDate=2024-10-02, updatedDate=2024-10-02, createdBy=admin, updatedBy=admin), Category(categoryId=5, categoryName=NJW (New Jersey Welfare), activeSwitch=Y, createdDate=2024-10-02, updatedDate=2024-10-02, createdBy=admin, updatedBy=admin)]
2024-10-02 13:16:22 [http-nio-8081-exec-2] INFO  : Method invoked: class com.mini1.service.PlanServicesImpl:savePlan() Arguments: [Plan(planId=null, planName=SNAP, planStartDate=2024-10-02, planEndDate=2024-10-19, categoryId=1, activeSwitch=null, createdDate=null, updatedDate=null, createdBy=null, updateBy=null)]
2024-10-02 13:16:22 [http-nio-8081-exec-2] INFO  : class com.mini1.service.PlanServicesImpl : savePlan() Response: true
2024-10-02 13:16:22 [http-nio-8081-exec-4] INFO  : Method invoked: class com.mini1.service.PlanServicesImpl:getAllPlans() Arguments: []
2024-10-02 13:16:22 [http-nio-8081-exec-5] INFO  : Method invoked: class com.mini1.service.PlanServicesImpl:getAllCategorys() Arguments: []
2024-10-02 13:16:22 [http-nio-8081-exec-4] INFO  : class com.mini1.service.PlanServicesImpl : getAllPlans() Response: [Plan(planId=1, planName=SNAP, planStartDate=2024-10-02, planEndDate=2024-10-25, categoryId=1, activeSwitch=null, createdDate=2024-10-02, updatedDate=null, createdBy=null, updateBy=null), Plan(planId=2, planName=SNAP, planStartDate=2024-10-02, planEndDate=2024-10-19, categoryId=1, activeSwitch=null, createdDate=2024-10-02, updatedDate=null, createdBy=null, updateBy=null)]
2024-10-02 13:16:22 [http-nio-8081-exec-5] INFO  : class com.mini1.service.PlanServicesImpl : getAllCategorys() Response: [Category(categoryId=1, categoryName=SNAP (Supplemental Nutrition Assistance Program), activeSwitch=Y, createdDate=2024-10-02, updatedDate=2024-10-02, createdBy=admin, updatedBy=admin), Category(categoryId=2, categoryName=CCAP (Child Care Assistance Program), activeSwitch=Y, createdDate=2024-10-02, updatedDate=2024-10-02, createdBy=admin, updatedBy=admin), Category(categoryId=3, categoryName=Medicaid, activeSwitch=Y, createdDate=2024-10-02, updatedDate=2024-10-02, createdBy=admin, updatedBy=admin), Category(categoryId=4, categoryName=Medicare, activeSwitch=Y, createdDate=2024-10-02, updatedDate=2024-10-02, createdBy=admin, updatedBy=admin), Category(categoryId=5, categoryName=NJW (New Jersey Welfare), activeSwitch=Y, createdDate=2024-10-02, updatedDate=2024-10-02, createdBy=admin, updatedBy=admin)]
2024-10-02 13:17:24 [http-nio-8081-exec-9] INFO  : Method invoked: class com.mini1.service.PlanServicesImpl:getAllCategorys() Arguments: []
2024-10-02 13:17:24 [http-nio-8081-exec-10] INFO  : Method invoked: class com.mini1.service.PlanServicesImpl:getPlanById() Arguments: [1]
2024-10-02 13:17:24 [http-nio-8081-exec-9] INFO  : class com.mini1.service.PlanServicesImpl : getAllCategorys() Response: [Category(categoryId=1, categoryName=SNAP (Supplemental Nutrition Assistance Program), activeSwitch=Y, createdDate=2024-10-02, updatedDate=2024-10-02, createdBy=admin, updatedBy=admin), Category(categoryId=2, categoryName=CCAP (Child Care Assistance Program), activeSwitch=Y, createdDate=2024-10-02, updatedDate=2024-10-02, createdBy=admin, updatedBy=admin), Category(categoryId=3, categoryName=Medicaid, activeSwitch=Y, createdDate=2024-10-02, updatedDate=2024-10-02, createdBy=admin, updatedBy=admin), Category(categoryId=4, categoryName=Medicare, activeSwitch=Y, createdDate=2024-10-02, updatedDate=2024-10-02, createdBy=admin, updatedBy=admin), Category(categoryId=5, categoryName=NJW (New Jersey Welfare), activeSwitch=Y, createdDate=2024-10-02, updatedDate=2024-10-02, createdBy=admin, updatedBy=admin)]
2024-10-02 13:17:24 [http-nio-8081-exec-10] INFO  : class com.mini1.service.PlanServicesImpl : getPlanById() Response: Plan(planId=1, planName=SNAP, planStartDate=2024-10-02, planEndDate=2024-10-25, categoryId=1, activeSwitch=null, createdDate=2024-10-02, updatedDate=null, createdBy=null, updateBy=null)
2024-10-02 13:17:39 [http-nio-8081-exec-3] INFO  : Method invoked: class com.mini1.service.PlanServicesImpl:updatePlan() Arguments: [Plan(planId=1, planName=CCAP, planStartDate=2024-10-02, planEndDate=2024-10-25, categoryId=2, activeSwitch=null, createdDate=2024-10-02, updatedDate=null, createdBy=null, updateBy=null), 1]
2024-10-02 13:17:39 [http-nio-8081-exec-3] INFO  : class com.mini1.service.PlanServicesImpl : updatePlan() Response: true
2024-10-02 13:17:39 [http-nio-8081-exec-1] INFO  : Method invoked: class com.mini1.service.PlanServicesImpl:getAllPlans() Arguments: []
2024-10-02 13:17:39 [http-nio-8081-exec-2] INFO  : Method invoked: class com.mini1.service.PlanServicesImpl:getAllCategorys() Arguments: []
2024-10-02 13:17:39 [http-nio-8081-exec-1] INFO  : class com.mini1.service.PlanServicesImpl : getAllPlans() Response: [Plan(planId=1, planName=CCAP, planStartDate=2024-10-02, planEndDate=2024-10-25, categoryId=2, activeSwitch=null, createdDate=2024-10-02, updatedDate=2024-10-02, createdBy=null, updateBy=null), Plan(planId=2, planName=SNAP, planStartDate=2024-10-02, planEndDate=2024-10-19, categoryId=1, activeSwitch=null, createdDate=2024-10-02, updatedDate=null, createdBy=null, updateBy=null)]
2024-10-02 13:17:39 [http-nio-8081-exec-2] INFO  : class com.mini1.service.PlanServicesImpl : getAllCategorys() Response: [Category(categoryId=1, categoryName=SNAP (Supplemental Nutrition Assistance Program), activeSwitch=Y, createdDate=2024-10-02, updatedDate=2024-10-02, createdBy=admin, updatedBy=admin), Category(categoryId=2, categoryName=CCAP (Child Care Assistance Program), activeSwitch=Y, createdDate=2024-10-02, updatedDate=2024-10-02, createdBy=admin, updatedBy=admin), Category(categoryId=3, categoryName=Medicaid, activeSwitch=Y, createdDate=2024-10-02, updatedDate=2024-10-02, createdBy=admin, updatedBy=admin), Category(categoryId=4, categoryName=Medicare, activeSwitch=Y, createdDate=2024-10-02, updatedDate=2024-10-02, createdBy=admin, updatedBy=admin), Category(categoryId=5, categoryName=NJW (New Jersey Welfare), activeSwitch=Y, createdDate=2024-10-02, updatedDate=2024-10-02, createdBy=admin, updatedBy=admin)]
2024-10-02 13:17:46 [http-nio-8081-exec-5] INFO  : Method invoked: class com.mini1.service.PlanServicesImpl:planStatusChange() Arguments: [1, Y]
2024-10-02 13:17:47 [http-nio-8081-exec-5] INFO  : class com.mini1.service.PlanServicesImpl : planStatusChange() Response: true
2024-10-02 13:17:47 [http-nio-8081-exec-7] INFO  : Method invoked: class com.mini1.service.PlanServicesImpl:getAllPlans() Arguments: []
2024-10-02 13:17:47 [http-nio-8081-exec-6] INFO  : Method invoked: class com.mini1.service.PlanServicesImpl:getAllCategorys() Arguments: []
2024-10-02 13:17:47 [http-nio-8081-exec-7] INFO  : class com.mini1.service.PlanServicesImpl : getAllPlans() Response: [Plan(planId=1, planName=CCAP, planStartDate=2024-10-02, planEndDate=2024-10-25, categoryId=2, activeSwitch=Y, createdDate=2024-10-02, updatedDate=2024-10-02, createdBy=null, updateBy=null), Plan(planId=2, planName=SNAP, planStartDate=2024-10-02, planEndDate=2024-10-19, categoryId=1, activeSwitch=null, createdDate=2024-10-02, updatedDate=null, createdBy=null, updateBy=null)]
2024-10-02 13:17:47 [http-nio-8081-exec-6] INFO  : class com.mini1.service.PlanServicesImpl : getAllCategorys() Response: [Category(categoryId=1, categoryName=SNAP (Supplemental Nutrition Assistance Program), activeSwitch=Y, createdDate=2024-10-02, updatedDate=2024-10-02, createdBy=admin, updatedBy=admin), Category(categoryId=2, categoryName=CCAP (Child Care Assistance Program), activeSwitch=Y, createdDate=2024-10-02, updatedDate=2024-10-02, createdBy=admin, updatedBy=admin), Category(categoryId=3, categoryName=Medicaid, activeSwitch=Y, createdDate=2024-10-02, updatedDate=2024-10-02, createdBy=admin, updatedBy=admin), Category(categoryId=4, categoryName=Medicare, activeSwitch=Y, createdDate=2024-10-02, updatedDate=2024-10-02, createdBy=admin, updatedBy=admin), Category(categoryId=5, categoryName=NJW (New Jersey Welfare), activeSwitch=Y, createdDate=2024-10-02, updatedDate=2024-10-02, createdBy=admin, updatedBy=admin)]
2024-10-02 13:17:49 [http-nio-8081-exec-10] INFO  : Method invoked: class com.mini1.service.PlanServicesImpl:planStatusChange() Arguments: [1, N]
2024-10-02 13:17:49 [http-nio-8081-exec-10] INFO  : class com.mini1.service.PlanServicesImpl : planStatusChange() Response: true
2024-10-02 13:17:49 [http-nio-8081-exec-8] INFO  : Method invoked: class com.mini1.service.PlanServicesImpl:getAllPlans() Arguments: []
2024-10-02 13:17:49 [http-nio-8081-exec-3] INFO  : Method invoked: class com.mini1.service.PlanServicesImpl:getAllCategorys() Arguments: []
2024-10-02 13:17:49 [http-nio-8081-exec-8] INFO  : class com.mini1.service.PlanServicesImpl : getAllPlans() Response: [Plan(planId=1, planName=CCAP, planStartDate=2024-10-02, planEndDate=2024-10-25, categoryId=2, activeSwitch=N, createdDate=2024-10-02, updatedDate=2024-10-02, createdBy=null, updateBy=null), Plan(planId=2, planName=SNAP, planStartDate=2024-10-02, planEndDate=2024-10-19, categoryId=1, activeSwitch=null, createdDate=2024-10-02, updatedDate=null, createdBy=null, updateBy=null)]
2024-10-02 13:17:49 [http-nio-8081-exec-3] INFO  : class com.mini1.service.PlanServicesImpl : getAllCategorys() Response: [Category(categoryId=1, categoryName=SNAP (Supplemental Nutrition Assistance Program), activeSwitch=Y, createdDate=2024-10-02, updatedDate=2024-10-02, createdBy=admin, updatedBy=admin), Category(categoryId=2, categoryName=CCAP (Child Care Assistance Program), activeSwitch=Y, createdDate=2024-10-02, updatedDate=2024-10-02, createdBy=admin, updatedBy=admin), Category(categoryId=3, categoryName=Medicaid, activeSwitch=Y, createdDate=2024-10-02, updatedDate=2024-10-02, createdBy=admin, updatedBy=admin), Category(categoryId=4, categoryName=Medicare, activeSwitch=Y, createdDate=2024-10-02, updatedDate=2024-10-02, createdBy=admin, updatedBy=admin), Category(categoryId=5, categoryName=NJW (New Jersey Welfare), activeSwitch=Y, createdDate=2024-10-02, updatedDate=2024-10-02, createdBy=admin, updatedBy=admin)]
2024-10-02 18:29:04 [HikariPool-1 housekeeper] WARN  : HikariPool-1 - Thread starvation or clock leap detected (housekeeper delta=4h30m52s934ms975s99ns).
2024-10-02 18:29:17 [RMI TCP Connection(141)-127.0.0.1] INFO  : Application shutdown requested.
2024-10-02 18:29:17 [RMI TCP Connection(141)-127.0.0.1] INFO  : Pausing ProtocolHandler ["http-nio-8081"]
2024-10-02 18:29:17 [RMI TCP Connection(141)-127.0.0.1] INFO  : Stopping service [Tomcat]
2024-10-02 18:29:17 [RMI TCP Connection(141)-127.0.0.1] INFO  : Destroying Spring FrameworkServlet 'dispatcherServlet'
2024-10-02 18:29:17 [RMI TCP Connection(141)-127.0.0.1] INFO  : Stopping ProtocolHandler ["http-nio-8081"]
2024-10-02 18:29:17 [RMI TCP Connection(141)-127.0.0.1] INFO  : Closing JPA EntityManagerFactory for persistence unit 'default'
2024-10-02 18:29:17 [RMI TCP Connection(141)-127.0.0.1] INFO  : HikariPool-1 - Shutdown initiated...
2024-10-02 18:29:17 [RMI TCP Connection(141)-127.0.0.1] INFO  : HikariPool-1 - Shutdown completed.
