2024-04-07 14:16:29 [restartedMain] INFO  : Starting Mini3Application using Java 17.0.10 with PID 7700 (C:\Users\Teja\Desktop\Workspace\HIS\BackEnd\mini-3\target\classes started by Teja in C:\Users\Teja\Desktop\Workspace\HIS\BackEnd\mini-3)
2024-04-07 14:16:29 [restartedMain] INFO  : No active profile set, falling back to 1 default profile: "default"
2024-04-07 14:16:29 [restartedMain] INFO  : Devtools property defaults active! Set 'spring.devtools.add-properties' to 'false' to disable
2024-04-07 14:16:29 [restartedMain] INFO  : For additional web related logging consider setting the 'logging.level.web' property to 'DEBUG'
2024-04-07 14:16:31 [restartedMain] INFO  : Bootstrapping Spring Data JPA repositories in DEFAULT mode.
2024-04-07 14:16:31 [restartedMain] INFO  : Finished Spring Data repository scanning in 160 ms. Found 1 JPA repository interface.
2024-04-07 14:16:33 [restartedMain] INFO  : Tomcat initialized with port(s): 8083 (http)
2024-04-07 14:16:33 [restartedMain] INFO  : Initializing ProtocolHandler ["http-nio-8083"]
2024-04-07 14:16:33 [restartedMain] INFO  : Starting service [Tomcat]
2024-04-07 14:16:33 [restartedMain] INFO  : Starting Servlet engine: [Apache Tomcat/10.1.19]
2024-04-07 14:16:33 [restartedMain] INFO  : Initializing Spring embedded WebApplicationContext
2024-04-07 14:16:33 [restartedMain] INFO  : Root WebApplicationContext: initialization completed in 4405 ms
2024-04-07 14:16:34 [restartedMain] INFO  : HHH000204: Processing PersistenceUnitInfo [name: default]
2024-04-07 14:16:34 [restartedMain] INFO  : HHH000412: Hibernate ORM core version 6.2.22.Final
2024-04-07 14:16:34 [restartedMain] INFO  : HHH000406: Using bytecode reflection optimizer
2024-04-07 14:16:34 [restartedMain] INFO  : No LoadTimeWeaver setup: ignoring JPA class transformer
2024-04-07 14:16:35 [restartedMain] INFO  : HikariPool-1 - Starting...
2024-04-07 14:16:35 [restartedMain] INFO  : HikariPool-1 - Added connection com.mysql.cj.jdbc.ConnectionImpl@7d02e1d2
2024-04-07 14:16:35 [restartedMain] INFO  : HikariPool-1 - Start completed.
2024-04-07 14:16:35 [restartedMain] WARN  : HHH90000025: MySQL8Dialect does not need to be specified explicitly using 'hibernate.dialect' (remove the property setting and it will be selected by default)
2024-04-07 14:16:35 [restartedMain] WARN  : HHH90000026: MySQL8Dialect has been deprecated; use org.hibernate.dialect.MySQLDialect instead
2024-04-07 14:16:38 [restartedMain] INFO  : HHH000489: No JTA platform available (set 'hibernate.transaction.jta.platform' to enable JTA platform integration)
2024-04-07 14:16:38 [restartedMain] INFO  : Initialized JPA EntityManagerFactory for persistence unit 'default'
2024-04-07 14:16:39 [restartedMain] WARN  : spring.jpa.open-in-view is enabled by default. Therefore, database queries may be performed during view rendering. Explicitly configure spring.jpa.open-in-view to disable this warning
2024-04-07 14:16:41 [restartedMain] WARN  : Unable to start LiveReload server
2024-04-07 14:16:41 [restartedMain] INFO  : Starting ProtocolHandler ["http-nio-8083"]
2024-04-07 14:16:41 [restartedMain] INFO  : Tomcat started on port(s): 8083 (http) with context path ''
2024-04-07 14:16:41 [restartedMain] INFO  : Started Mini3Application in 13.985 seconds (process running for 16.197)
2024-04-07 14:21:30 [http-nio-8083-exec-1] INFO  : Initializing Spring DispatcherServlet 'dispatcherServlet'
2024-04-07 14:21:30 [http-nio-8083-exec-1] INFO  : Initializing Servlet 'dispatcherServlet'
2024-04-07 14:21:30 [http-nio-8083-exec-1] INFO  : Completed initialization in 34 ms
2024-04-07 14:21:31 [http-nio-8083-exec-2] INFO  : Method invoked: class com.mini3.service.UserManagementServiceImpl:saveUser() Arguments: [User(fullName=Tejas, email=tejateju205101@gmail.com, mobielNumber=98982432, gender=Male, dob=2024-04-01, ssn=10890898)]
2024-04-07 14:21:36 [http-nio-8083-exec-2] INFO  : class com.mini3.service.UserManagementServiceImpl : saveUser() Response: true
2024-04-07 14:22:43 [http-nio-8083-exec-5] INFO  : Method invoked: class com.mini3.service.UserManagementServiceImpl:activeUserAccount() Arguments: [ActivateAccount(email=tejateju205101@gmail.com, tempPassword=UbM2E9, newPassword=asdfghjkl, confirmPassword=asdfghjkl)]
2024-04-07 14:22:44 [http-nio-8083-exec-5] INFO  : class com.mini3.service.UserManagementServiceImpl : activeUserAccount() Response: true
2024-04-07 14:22:49 [http-nio-8083-exec-6] INFO  : Method invoked: class com.mini3.service.UserManagementServiceImpl:login() Arguments: [Login(email=tejateju205101@gmail.com, password=asdfghjkl)]
2024-04-07 14:22:49 [http-nio-8083-exec-6] INFO  : class com.mini3.service.UserManagementServiceImpl : login() Response: SUCCESS
2024-04-07 14:22:55 [http-nio-8083-exec-8] INFO  : Method invoked: class com.mini3.service.UserManagementServiceImpl:getAllUsers() Arguments: []
2024-04-07 14:22:56 [http-nio-8083-exec-8] INFO  : class com.mini3.service.UserManagementServiceImpl : getAllUsers() Response: [UserMaster(userId=1, fullName=Tejas, email=tejateju205101@gmail.com, mobielNumber=98982432, gender=Male, dob=2024-04-01, ssn=10890898, password=asdfghjkl, activeStatus=Active, createdDate=2024-04-07, updatedDate=2024-04-07, createdBy=null, updatedBy=null)]
2024-04-07 14:56:04 [http-nio-8083-exec-10] INFO  : Method invoked: class com.mini3.service.UserManagementServiceImpl:getAllUsers() Arguments: []
2024-04-07 14:56:04 [http-nio-8083-exec-10] INFO  : class com.mini3.service.UserManagementServiceImpl : getAllUsers() Response: [UserMaster(userId=1, fullName=Tejas, email=tejateju205101@gmail.com, mobielNumber=98982432, gender=Male, dob=2024-04-01, ssn=10890898, password=asdfghjkl, activeStatus=Active, createdDate=2024-04-07, updatedDate=2024-04-07, createdBy=null, updatedBy=null)]
2024-04-07 15:02:06 [http-nio-8083-exec-3] INFO  : Method invoked: class com.mini3.service.UserManagementServiceImpl:login() Arguments: [Login(email=tejateju205101@gmail.com, password=asdfghjkl)]
2024-04-07 15:02:06 [http-nio-8083-exec-3] INFO  : class com.mini3.service.UserManagementServiceImpl : login() Response: SUCCESS
2024-04-07 15:02:35 [RMI TCP Connection(52)-127.0.0.1] INFO  : Application shutdown requested.
2024-04-07 15:02:35 [RMI TCP Connection(52)-127.0.0.1] INFO  : Pausing ProtocolHandler ["http-nio-8083"]
2024-04-07 15:02:35 [RMI TCP Connection(52)-127.0.0.1] INFO  : Stopping service [Tomcat]
2024-04-07 15:02:35 [RMI TCP Connection(52)-127.0.0.1] INFO  : Destroying Spring FrameworkServlet 'dispatcherServlet'
2024-04-07 15:02:35 [RMI TCP Connection(52)-127.0.0.1] INFO  : Stopping ProtocolHandler ["http-nio-8083"]
2024-04-07 15:02:35 [RMI TCP Connection(52)-127.0.0.1] INFO  : Destroying ProtocolHandler ["http-nio-8083"]
2024-04-07 15:02:35 [RMI TCP Connection(52)-127.0.0.1] INFO  : Closing JPA EntityManagerFactory for persistence unit 'default'
2024-04-07 15:02:35 [RMI TCP Connection(52)-127.0.0.1] INFO  : HikariPool-1 - Shutdown initiated...
2024-04-07 15:02:35 [RMI TCP Connection(52)-127.0.0.1] INFO  : HikariPool-1 - Shutdown completed.
